{"numTotalTestSuites":149,"numPassedTestSuites":149,"numFailedTestSuites":0,"numPendingTestSuites":0,"numTotalTests":264,"numPassedTests":253,"numFailedTests":11,"numPendingTests":0,"numTodoTests":0,"startTime":1777837071152,"success":false,"testResults":[{"assertionResults":[{"ancestorTitles":["","apiClient Interceptors (CA-1 / CA-3 / CA-37)"],"fullName":" apiClient Interceptors (CA-1 / CA-3 / CA-37) test_Frontend_Interceptor_EmitsCustomEvent - Envía 500 y emite global-error-dispatch sin usar alert()","status":"failed","title":"test_Frontend_Interceptor_EmitsCustomEvent - Envía 500 y emite global-error-dispatch sin usar alert()","duration":103,"failureMessages":["expected 'Error interno del servidor (Trace: N/…' to contain 'Colapso del Servidor'"],"location":{"line":54,"column":44}},{"ancestorTitles":["","apiClient Interceptors (CA-1 / CA-3 / CA-37)"],"fullName":" apiClient Interceptors (CA-1 / CA-3 / CA-37) test_Frontend_Interceptor_OptimisticLock - Envía 409 y emite optimistic-lock-dispatch","status":"passed","title":"test_Frontend_Interceptor_OptimisticLock - Envía 409 y emite optimistic-lock-dispatch","duration":3,"failureMessages":[]}],"startTime":1777837083721,"endTime":1777837083827,"status":"failed","message":"","name":"C:/Users/HaroltAndrésGómezAgu/ProyectoAntigravity/ibpms-platform/frontend/src/services/apiClient.spec.ts"},{"assertionResults":[{"ancestorTitles":["","AgileStore - TDD Zero-Trust Validation (Standalone)"],"fullName":" AgileStore - TDD Zero-Trust Validation (Standalone) should prevent tag creation if label is too short (Zod validation)","status":"passed","title":"should prevent tag creation if label is too short (Zod validation)","duration":11,"failureMessages":[]},{"ancestorTitles":["","AgileStore - TDD Zero-Trust Validation (Standalone)"],"fullName":" AgileStore - TDD Zero-Trust Validation (Standalone) should successfully create and assign tag","status":"passed","title":"should successfully create and assign tag","duration":6,"failureMessages":[]},{"ancestorTitles":["","AgileStore - TDD Zero-Trust Validation (Standalone)"],"fullName":" AgileStore - TDD Zero-Trust Validation (Standalone) should optimisticly move items across sprints","status":"passed","title":"should optimisticly move items across sprints","duration":3,"failureMessages":[]},{"ancestorTitles":["","AgileStore - TDD Zero-Trust Validation (Standalone)"],"fullName":" AgileStore - TDD Zero-Trust Validation (Standalone) should handle massive backlog size and Smart Archive toggle gracefully (CA-12 & CA-8)","status":"failed","title":"should handle massive backlog size and Smart Archive toggle gracefully (CA-12 & CA-8)","duration":34,"failureMessages":["expected 5000 to be 10000 // Object.is equality"],"location":{"line":89,"column":47}}],"startTime":1777837083767,"endTime":1777837083821,"status":"failed","message":"","name":"C:/Users/HaroltAndrésGómezAgu/ProyectoAntigravity/ibpms-platform/frontend/src/tests/agileStore.spec.ts"},{"assertionResults":[{"ancestorTitles":[""],"fullName":" dummy","status":"passed","title":"dummy","duration":1,"failureMessages":[]}],"startTime":1777837101584,"endTime":1777837101585,"status":"passed","message":"","name":"C:/Users/HaroltAndrésGómezAgu/ProyectoAntigravity/ibpms-platform/frontend/src/tests/dummy.spec.ts"},{"assertionResults":[{"ancestorTitles":["","IntakeStore - TDD Zero-Trust Validation"],"fullName":" IntakeStore - TDD Zero-Trust Validation should fetch tasks successfully and map to state","status":"passed","title":"should fetch tasks successfully and map to state","duration":9,"failureMessages":[]},{"ancestorTitles":["","IntakeStore - TDD Zero-Trust Validation"],"fullName":" IntakeStore - TDD Zero-Trust Validation should approve task, invoke correct API and update grid optimistically","status":"passed","title":"should approve task, invoke correct API and update grid optimistically","duration":2,"failureMessages":[]},{"ancestorTitles":["","IntakeStore - TDD Zero-Trust Validation"],"fullName":" IntakeStore - TDD Zero-Trust Validation should prevent rejection if reason is empty or missing (Zero-Trust Logic)","status":"passed","title":"should prevent rejection if reason is empty or missing (Zero-Trust Logic)","duration":4,"failureMessages":[]},{"ancestorTitles":["","IntakeStore - TDD Zero-Trust Validation"],"fullName":" IntakeStore - TDD Zero-Trust Validation should reject task, invoke correct API and update grid optimistically when reason is valid","status":"passed","title":"should reject task, invoke correct API and update grid optimistically when reason is valid","duration":6,"failureMessages":[]}],"startTime":1777837086156,"endTime":1777837086177,"status":"passed","message":"","name":"C:/Users/HaroltAndrésGómezAgu/ProyectoAntigravity/ibpms-platform/frontend/src/tests/intakeStore.spec.ts"},{"assertionResults":[{"ancestorTitles":["","useWorkdeskStore.ts - Iteration 79-DEV (CA-06, CA-13, CA-26, CA-27)"],"fullName":" useWorkdeskStore.ts - Iteration 79-DEV (CA-06, CA-13, CA-26, CA-27) Test 10: CA-13 Minificación WebSocket: 100 REMOVEs en 100ms colapsan en 1 solo batch de mutación (throttle delay)","status":"passed","title":"Test 10: CA-13 Minificación WebSocket: 100 REMOVEs en 100ms colapsan en 1 solo batch de mutación (throttle delay)","duration":16,"failureMessages":[]},{"ancestorTitles":["","useWorkdeskStore.ts - Iteration 79-DEV (CA-06, CA-13, CA-26, CA-27)"],"fullName":" useWorkdeskStore.ts - Iteration 79-DEV (CA-06, CA-13, CA-26, CA-27) Test 11: CA-13 Desvanecimiento: REMOVE aplica _isGhost=true y se limpia físicamente de memoria a los 800ms","status":"passed","title":"Test 11: CA-13 Desvanecimiento: REMOVE aplica _isGhost=true y se limpia físicamente de memoria a los 800ms","duration":3,"failureMessages":[]},{"ancestorTitles":["","useWorkdeskStore.ts - Iteration 79-DEV (CA-06, CA-13, CA-26, CA-27)"],"fullName":" useWorkdeskStore.ts - Iteration 79-DEV (CA-06, CA-13, CA-26, CA-27) Test 12: CA-26 Auto-refill: Si tras el REMOVE masivo los items bajan a < 15, se invoca fetchGlobalInbox silenciosamente","status":"passed","title":"Test 12: CA-26 Auto-refill: Si tras el REMOVE masivo los items bajan a < 15, se invoca fetchGlobalInbox silenciosamente","duration":4,"failureMessages":[]},{"ancestorTitles":["","useWorkdeskStore.ts - Iteration 79-DEV (CA-06, CA-13, CA-26, CA-27)"],"fullName":" useWorkdeskStore.ts - Iteration 79-DEV (CA-06, CA-13, CA-26, CA-27) Test 13: CA-26 Last Page Protection + CA-12 Empty State: si en la page > 0 los items bajan a 0, redirect a page 0","status":"passed","title":"Test 13: CA-26 Last Page Protection + CA-12 Empty State: si en la page > 0 los items bajan a 0, redirect a page 0","duration":1,"failureMessages":[]},{"ancestorTitles":["","useWorkdeskStore.ts - Iteration 79-DEV (CA-06, CA-13, CA-26, CA-27)"],"fullName":" useWorkdeskStore.ts - Iteration 79-DEV (CA-06, CA-13, CA-26, CA-27) Test 14: CA-27 Vocabulario STOMP: Validar que el router interno despacha las 4 acciones (REMOVE, ADD, UPDATE, PRIORITY_CHANGE)","status":"passed","title":"Test 14: CA-27 Vocabulario STOMP: Validar que el router interno despacha las 4 acciones (REMOVE, ADD, UPDATE, PRIORITY_CHANGE)","duration":3,"failureMessages":[]},{"ancestorTitles":["","useWorkdeskStore.ts - Iteration 79-DEV (CA-06, CA-13, CA-26, CA-27)"],"fullName":" useWorkdeskStore.ts - Iteration 79-DEV (CA-06, CA-13, CA-26, CA-27) Test 15: CA-11 heartbeat_uses_rAF_not_setInterval: Verificar que startEngine() usa requestAnimationFrame","status":"passed","title":"Test 15: CA-11 heartbeat_uses_rAF_not_setInterval: Verificar que startEngine() usa requestAnimationFrame","duration":1,"failureMessages":[]},{"ancestorTitles":["","useWorkdeskStore.ts - Iteration 79-DEV (CA-06, CA-13, CA-26, CA-27)"],"fullName":" useWorkdeskStore.ts - Iteration 79-DEV (CA-06, CA-13, CA-26, CA-27) Test 16: CA-24 sla_thresholds_green_above_50_percent: SLA en 75% restante -> \"OK\"","status":"passed","title":"Test 16: CA-24 sla_thresholds_green_above_50_percent: SLA en 75% restante -> \"OK\"","duration":1,"failureMessages":[]},{"ancestorTitles":["","useWorkdeskStore.ts - Iteration 79-DEV (CA-06, CA-13, CA-26, CA-27)"],"fullName":" useWorkdeskStore.ts - Iteration 79-DEV (CA-06, CA-13, CA-26, CA-27) Test 17: CA-24 sla_thresholds_yellow_between_15_50: SLA en 25% restante -> \"WARNING\"","status":"passed","title":"Test 17: CA-24 sla_thresholds_yellow_between_15_50: SLA en 25% restante -> \"WARNING\"","duration":1,"failureMessages":[]},{"ancestorTitles":["","useWorkdeskStore.ts - Iteration 79-DEV (CA-06, CA-13, CA-26, CA-27)"],"fullName":" useWorkdeskStore.ts - Iteration 79-DEV (CA-06, CA-13, CA-26, CA-27) Test 18: CA-24 sla_thresholds_red_below_15: SLA en 8.3% restante -> \"CRITICAL\"","status":"passed","title":"Test 18: CA-24 sla_thresholds_red_below_15: SLA en 8.3% restante -> \"CRITICAL\"","duration":0,"failureMessages":[]},{"ancestorTitles":["","useWorkdeskStore.ts - Iteration 79-DEV (CA-06, CA-13, CA-26, CA-27)"],"fullName":" useWorkdeskStore.ts - Iteration 79-DEV (CA-06, CA-13, CA-26, CA-27) Test 19: CA-24 sla_thresholds_expired_past_deadline: SLA en pasado -> \"EXPIRED\"","status":"passed","title":"Test 19: CA-24 sla_thresholds_expired_past_deadline: SLA en pasado -> \"EXPIRED\"","duration":1,"failureMessages":[]},{"ancestorTitles":["","useWorkdeskStore.ts - Iteration 79-DEV (CA-06, CA-13, CA-26, CA-27)"],"fullName":" useWorkdeskStore.ts - Iteration 79-DEV (CA-06, CA-13, CA-26, CA-27) Test 20: CA-25 visibilitychange_recalculates_tick: Simular visibilitychange -> currentTick se actualiza","status":"passed","title":"Test 20: CA-25 visibilitychange_recalculates_tick: Simular visibilitychange -> currentTick se actualiza","duration":2,"failureMessages":[]},{"ancestorTitles":["","useWorkdeskStore.ts - Iteration 79-DEV (CA-06, CA-13, CA-26, CA-27)"],"fullName":" useWorkdeskStore.ts - Iteration 79-DEV (CA-06, CA-13, CA-26, CA-27) Test 21: CA-31 auto_refresh_after_5min_inactivity: Simular inactividad > 5 min disparador de fetchGlobalInbox","status":"passed","title":"Test 21: CA-31 auto_refresh_after_5min_inactivity: Simular inactividad > 5 min disparador de fetchGlobalInbox","duration":2,"failureMessages":[]},{"ancestorTitles":["","useWorkdeskStore.ts - Iteration 79-DEV (CA-06, CA-13, CA-26, CA-27)"],"fullName":" useWorkdeskStore.ts - Iteration 79-DEV (CA-06, CA-13, CA-26, CA-27) Test 22: CA-04 delegation_toggle_switches_mode_to_delegated: fetchGlobalInbox envia delegatedToId","status":"passed","title":"Test 22: CA-04 delegation_toggle_switches_mode_to_delegated: fetchGlobalInbox envia delegatedToId","duration":4,"failureMessages":[]},{"ancestorTitles":["","useWorkdeskStore.ts - Iteration 79-DEV (CA-06, CA-13, CA-26, CA-27)"],"fullName":" useWorkdeskStore.ts - Iteration 79-DEV (CA-06, CA-13, CA-26, CA-27) Test 23: CA-04 delegation_toggle_returns_to_self: fetchGlobalInbox excluye delegatedToId","status":"passed","title":"Test 23: CA-04 delegation_toggle_returns_to_self: fetchGlobalInbox excluye delegatedToId","duration":2,"failureMessages":[]},{"ancestorTitles":["","useWorkdeskStore.ts - Iteration 79-DEV (CA-06, CA-13, CA-26, CA-27)"],"fullName":" useWorkdeskStore.ts - Iteration 79-DEV (CA-06, CA-13, CA-26, CA-27) Test 24: CA-15 delegation_response_stores_last_delegation_context: El payload delegationContext se preserva","status":"passed","title":"Test 24: CA-15 delegation_response_stores_last_delegation_context: El payload delegationContext se preserva","duration":2,"failureMessages":[]},{"ancestorTitles":["","useWorkdeskStore.ts - Iteration 79-DEV (CA-06, CA-13, CA-26, CA-27)"],"fullName":" useWorkdeskStore.ts - Iteration 79-DEV (CA-06, CA-13, CA-26, CA-27) Test 25: CA-15 delegation_403_forbidden_sets_error_state: Respuesta 403 activa isError y limpia items","status":"passed","title":"Test 25: CA-15 delegation_403_forbidden_sets_error_state: Respuesta 403 activa isError y limpia items","duration":2,"failureMessages":[]},{"ancestorTitles":["","useWorkdeskStore.ts - Iteration 79-DEV (CA-06, CA-13, CA-26, CA-27)"],"fullName":" useWorkdeskStore.ts - Iteration 79-DEV (CA-06, CA-13, CA-26, CA-27) Test 26: CA-15 delegation_paginates_preserving_context: Paginar en modo delegado arrastra userId","status":"passed","title":"Test 26: CA-15 delegation_paginates_preserving_context: Paginar en modo delegado arrastra userId","duration":2,"failureMessages":[]},{"ancestorTitles":["","useWorkdeskStore.ts - Iteration 79-DEV (CA-06, CA-13, CA-26, CA-27)"],"fullName":" useWorkdeskStore.ts - Iteration 79-DEV (CA-06, CA-13, CA-26, CA-27) Test 27: CA-04 security_banner_clears_on_disconnect: Contexto se reinicia con la reconexión al dashboard nativo","status":"passed","title":"Test 27: CA-04 security_banner_clears_on_disconnect: Contexto se reinicia con la reconexión al dashboard nativo","duration":2,"failureMessages":[]},{"ancestorTitles":["","useWorkdeskStore.ts - Iteration 79-DEV (CA-06, CA-13, CA-26, CA-27)"],"fullName":" useWorkdeskStore.ts - Iteration 79-DEV (CA-06, CA-13, CA-26, CA-27) Test 28: Ghost Deletion (Shift-Left Test): Inicializar 5 tareas, recibe REMOVE y longitud cae a 4","status":"passed","title":"Test 28: Ghost Deletion (Shift-Left Test): Inicializar 5 tareas, recibe REMOVE y longitud cae a 4","duration":1,"failureMessages":[]},{"ancestorTitles":["","useWorkdeskStore.ts - Iteration 79-DEV (CA-06, CA-13, CA-26, CA-27)"],"fullName":" useWorkdeskStore.ts - Iteration 79-DEV (CA-06, CA-13, CA-26, CA-27) Test 29: CA-21 Optimistic Rollback: Si claimTask falla con 4xx/5xx, se revierte UI","status":"passed","title":"Test 29: CA-21 Optimistic Rollback: Si claimTask falla con 4xx/5xx, se revierte UI","duration":3,"failureMessages":[]},{"ancestorTitles":["","useWorkdeskStore.ts - Iteration 79-DEV (CA-06, CA-13, CA-26, CA-27)"],"fullName":" useWorkdeskStore.ts - Iteration 79-DEV (CA-06, CA-13, CA-26, CA-27) Test 30: CA-23 TASKS_BULK_UPDATED: Re-fetch debounce","status":"passed","title":"Test 30: CA-23 TASKS_BULK_UPDATED: Re-fetch debounce","duration":1,"failureMessages":[]},{"ancestorTitles":["","useWorkdeskStore.ts - Iteration 79-DEV (CA-06, CA-13, CA-26, CA-27)"],"fullName":" useWorkdeskStore.ts - Iteration 79-DEV (CA-06, CA-13, CA-26, CA-27) Test 31: CA-22 activeView: Cambio de tab reinicia a page 0 y llama fetch","status":"passed","title":"Test 31: CA-22 activeView: Cambio de tab reinicia a page 0 y llama fetch","duration":1,"failureMessages":[]}],"startTime":1777837074612,"endTime":1777837074668,"status":"passed","message":"","name":"C:/Users/HaroltAndrésGómezAgu/ProyectoAntigravity/ibpms-platform/frontend/src/tests/useWorkdeskStore.spec.ts"},{"assertionResults":[{"ancestorTitles":["","ErrorStateGlobal.vue (Testing Emisor-Receptor CA-1)"],"fullName":" ErrorStateGlobal.vue (Testing Emisor-Receptor CA-1) test_Component_Receives_GlobalError_And_Shows_Alert","status":"passed","title":"test_Component_Receives_GlobalError_And_Shows_Alert","duration":44,"failureMessages":[]},{"ancestorTitles":["","ErrorStateGlobal.vue (Testing Emisor-Receptor CA-1)"],"fullName":" ErrorStateGlobal.vue (Testing Emisor-Receptor CA-1) test_Component_Receives_OptimisticLock_And_Shows_Alert","status":"passed","title":"test_Component_Receives_OptimisticLock_And_Shows_Alert","duration":10,"failureMessages":[]}],"startTime":1777837093847,"endTime":1777837093901,"status":"passed","message":"","name":"C:/Users/HaroltAndrésGómezAgu/ProyectoAntigravity/ibpms-platform/frontend/src/components/common/ErrorStateGlobal.spec.ts"},{"assertionResults":[{"ancestorTitles":["","Pantalla 7: Motor iForms (Frontend QA)"],"fullName":" Pantalla 7: Motor iForms (Frontend QA) Debe renderizar un iForm Maestro ocultando los campos que no pertenecen al \"stage\" (Dual-Pattern)","status":"passed","title":"Debe renderizar un iForm Maestro ocultando los campos que no pertenecen al \"stage\" (Dual-Pattern)","duration":154,"failureMessages":[]},{"ancestorTitles":["","Pantalla 7: Motor iForms (Frontend QA)"],"fullName":" Pantalla 7: Motor iForms (Frontend QA) Debe validar en vivo (Zod Live CA-6) mostrando error si el Regex/Regla se viola sin necesidad de hacer Submit","status":"passed","title":"Debe validar en vivo (Zod Live CA-6) mostrando error si el Regex/Regla se viola sin necesidad de hacer Submit","duration":41,"failureMessages":[]},{"ancestorTitles":["","Pantalla 7: Motor iForms (Frontend QA)"],"fullName":" Pantalla 7: Motor iForms (Frontend QA) Debe recuperar los datos precargados si existían previamente en LocalStorage (Auto-Save CA-8)","status":"passed","title":"Debe recuperar los datos precargados si existían previamente en LocalStorage (Auto-Save CA-8)","duration":20,"failureMessages":[]},{"ancestorTitles":["","Pantalla 7: Motor iForms (Frontend QA)"],"fullName":" Pantalla 7: Motor iForms (Frontend QA) Debe obtener las coordenadas automáticamente al activar el sensor GPS (CA-45)","status":"passed","title":"Debe obtener las coordenadas automáticamente al activar el sensor GPS (CA-45)","duration":17,"failureMessages":[]},{"ancestorTitles":["","Pantalla 7: Motor iForms (Frontend QA)"],"fullName":" Pantalla 7: Motor iForms (Frontend QA) Debe filtrar la lista de opciones instántaneamente en un Typeahead (CA-24)","status":"passed","title":"Debe filtrar la lista de opciones instántaneamente en un Typeahead (CA-24)","duration":10,"failureMessages":[]},{"ancestorTitles":["","Pantalla 7: Motor iForms (Frontend QA)"],"fullName":" Pantalla 7: Motor iForms (Frontend QA) Debe bloquear el envío del formulario si Zod falla validación en Arrays Estructurales (Min 2 Filas, CA-25)","status":"passed","title":"Debe bloquear el envío del formulario si Zod falla validación en Arrays Estructurales (Min 2 Filas, CA-25)","duration":24,"failureMessages":[]}],"startTime":1777837074745,"endTime":1777837075012,"status":"passed","message":"","name":"C:/Users/HaroltAndrésGómezAgu/ProyectoAntigravity/ibpms-platform/frontend/src/components/forms/DynamicForm.spec.ts"},{"assertionResults":[{"ancestorTitles":["","US-027 CA-2/CA-3: Copilot BpmnDesigner AppSec & UX (Iteración 53)"],"fullName":" US-027 CA-2/CA-3: Copilot BpmnDesigner AppSec & UX (Iteración 53) CA-2: DOMPurify aniquila amenazas XSS inyectadas en texto de nodos generados por IA","status":"passed","title":"CA-2: DOMPurify aniquila amenazas XSS inyectadas en texto de nodos generados por IA","duration":83,"failureMessages":[]},{"ancestorTitles":["","US-027 CA-2/CA-3: Copilot BpmnDesigner AppSec & UX (Iteración 53)"],"fullName":" US-027 CA-2/CA-3: Copilot BpmnDesigner AppSec & UX (Iteración 53) CA-3: La inyección atómica de la IA ilumina el nodo con la clase .highlight-ai y desaparece en 3s","status":"passed","title":"CA-3: La inyección atómica de la IA ilumina el nodo con la clase .highlight-ai y desaparece en 3s","duration":11,"failureMessages":[]}],"startTime":1777837084781,"endTime":1777837084875,"status":"passed","message":"","name":"C:/Users/HaroltAndrésGómezAgu/ProyectoAntigravity/ibpms-platform/frontend/src/tests/components/BpmnAiInjection.spec.ts"},{"assertionResults":[{"ancestorTitles":["","US-027 CA-8: UX Recuperabilidad y Atomicidad (Iteración 56)"],"fullName":" US-027 CA-8: UX Recuperabilidad y Atomicidad (Iteración 56) Aserta que la Inyección IA empuja al CommandStack y responde al CTRL+Z restaurando el XML a byte-perfect","status":"passed","title":"Aserta que la Inyección IA empuja al CommandStack y responde al CTRL+Z restaurando el XML a byte-perfect","duration":4,"failureMessages":[]}],"startTime":1777837094344,"endTime":1777837094348,"status":"passed","message":"","name":"C:/Users/HaroltAndrésGómezAgu/ProyectoAntigravity/ibpms-platform/frontend/src/tests/components/BpmnAiRecovery.spec.ts"},{"assertionResults":[{"ancestorTitles":["","US-027 CA-10: Pre-Flight Executable Guard (Iteración 56)"],"fullName":" US-027 CA-10: Pre-Flight Executable Guard (Iteración 56) Aserta que el Botón de Despliegue se Inhabilita Atómicamente si el Proceso No es Ejecutable","status":"passed","title":"Aserta que el Botón de Despliegue se Inhabilita Atómicamente si el Proceso No es Ejecutable","duration":90,"failureMessages":[]}],"startTime":1777837096580,"endTime":1777837096670,"status":"passed","message":"","name":"C:/Users/HaroltAndrésGómezAgu/ProyectoAntigravity/ibpms-platform/frontend/src/tests/components/BpmnPreFlight.spec.ts"},{"assertionResults":[{"ancestorTitles":["","ConnectionToast.vue"],"fullName":" ConnectionToast.vue CA-20: verifies positioning properties","status":"passed","title":"CA-20: verifies positioning properties","duration":48,"failureMessages":[]},{"ancestorTitles":["","ConnectionToast.vue"],"fullName":" ConnectionToast.vue CA-21: validates plain business text without technical jargon","status":"passed","title":"CA-21: validates plain business text without technical jargon","duration":10,"failureMessages":[]},{"ancestorTitles":["","ConnectionToast.vue"],"fullName":" ConnectionToast.vue CA-22: ensures no full-screen blocking overlay is present","status":"passed","title":"CA-22: ensures no full-screen blocking overlay is present","duration":8,"failureMessages":[]},{"ancestorTitles":["","ConnectionToast.vue"],"fullName":" ConnectionToast.vue CA-25: fades out 3 seconds after RESTORED","status":"passed","title":"CA-25: fades out 3 seconds after RESTORED","duration":12,"failureMessages":[]}],"startTime":1777837087070,"endTime":1777837087149,"status":"passed","message":"","name":"C:/Users/HaroltAndrésGómezAgu/ProyectoAntigravity/ibpms-platform/frontend/src/tests/components/ConnectionToast.spec.ts"},{"assertionResults":[{"ancestorTitles":["","US-027 CA-7: UX Triage & Action Pills UI (Iteración 55)"],"fullName":" US-027 CA-7: UX Triage & Action Pills UI (Iteración 55) Renderiza las Pills y aserta la inmutabilidad (deshabilitación matemática) post-clic para evitar colisiones","status":"passed","title":"Renderiza las Pills y aserta la inmutabilidad (deshabilitación matemática) post-clic para evitar colisiones","duration":75,"failureMessages":[]}],"startTime":1777837088891,"endTime":1777837088966,"status":"passed","message":"","name":"C:/Users/HaroltAndrésGómezAgu/ProyectoAntigravity/ibpms-platform/frontend/src/tests/components/CopilotActionPills.spec.ts"},{"assertionResults":[{"ancestorTitles":["","V1.2 QA: Motor Anti-XSS para Inyecciones Cognitivas de DMN (Iteración 49)"],"fullName":" V1.2 QA: Motor Anti-XSS para Inyecciones Cognitivas de DMN (Iteración 49) Purga inyecciones de código malicioso XSS esterilizando el HTML antes del montaje visual","status":"passed","title":"Purga inyecciones de código malicioso XSS esterilizando el HTML antes del montaje visual","duration":78,"failureMessages":[]},{"ancestorTitles":["","V1.2 QA: Motor Anti-XSS para Inyecciones Cognitivas de DMN (Iteración 49)"],"fullName":" V1.2 QA: Motor Anti-XSS para Inyecciones Cognitivas de DMN (Iteración 49) Bloquea intentos de XSS mediante pseudo-protocolos (javascript:)","status":"passed","title":"Bloquea intentos de XSS mediante pseudo-protocolos (javascript:)","duration":20,"failureMessages":[]}],"startTime":1777837088743,"endTime":1777837088841,"status":"passed","message":"","name":"C:/Users/HaroltAndrésGómezAgu/ProyectoAntigravity/ibpms-platform/frontend/src/tests/components/DmnAntiXss.spec.ts"},{"assertionResults":[{"ancestorTitles":["","DynamicForm.vue"],"fullName":" DynamicForm.vue renders the form correctly based on the schema","status":"passed","title":"renders the form correctly based on the schema","duration":78,"failureMessages":[]},{"ancestorTitles":["","DynamicForm.vue"],"fullName":" DynamicForm.vue emits a cancel event on Cancelar button click","status":"passed","title":"emits a cancel event on Cancelar button click","duration":24,"failureMessages":[]},{"ancestorTitles":["","DynamicForm.vue"],"fullName":" DynamicForm.vue initializes with default values and submits them properly","status":"passed","title":"initializes with default values and submits them properly","duration":19,"failureMessages":[]},{"ancestorTitles":["","DynamicForm.vue"],"fullName":" DynamicForm.vue should validate zod schema prior to submit and prevent emission if invalid","status":"passed","title":"should validate zod schema prior to submit and prevent emission if invalid","duration":21,"failureMessages":[]}],"startTime":1777837085955,"endTime":1777837086097,"status":"passed","message":"","name":"C:/Users/HaroltAndrésGómezAgu/ProyectoAntigravity/ibpms-platform/frontend/src/tests/components/DynamicForm.spec.ts"},{"assertionResults":[{"ancestorTitles":["","US-051 CA-6: MainLayout Renderizado Dinámico (Iteración 47)"],"fullName":" US-051 CA-6: MainLayout Renderizado Dinámico (Iteración 47) Carga el menú iterativamente desde el Payload JSON de Entra ID/Store","status":"skipped","title":"Carga el menú iterativamente desde el Payload JSON de Entra ID/Store","failureMessages":[]},{"ancestorTitles":["","US-051 CA-6: MainLayout Renderizado Dinámico (Iteración 47)"],"fullName":" US-051 CA-6: MainLayout Renderizado Dinámico (Iteración 47) HOTFIX US-051 Regresión: Garantiza el anclaje del botón \"Inicio\" inyectado desde el JSON del Backend","status":"skipped","title":"HOTFIX US-051 Regresión: Garantiza el anclaje del botón \"Inicio\" inyectado desde el JSON del Backend","failureMessages":[]}],"startTime":1777837071152,"endTime":1777837071152,"status":"passed","message":"","name":"C:/Users/HaroltAndrésGómezAgu/ProyectoAntigravity/ibpms-platform/frontend/src/tests/components/MainLayout.spec.ts"},{"assertionResults":[{"ancestorTitles":["","US-007 CA-10/12: QA Experiencia de Usuario - Panic Modal (Iteración 52)"],"fullName":" US-007 CA-10/12: QA Experiencia de Usuario - Panic Modal (Iteración 52) Aserta matemáticamente que el botón Destructivo permance deshabilitado hasta el input estricto","status":"passed","title":"Aserta matemáticamente que el botón Destructivo permance deshabilitado hasta el input estricto","duration":112,"failureMessages":[]}],"startTime":1777837095998,"endTime":1777837096110,"status":"passed","message":"","name":"C:/Users/HaroltAndrésGómezAgu/ProyectoAntigravity/ibpms-platform/frontend/src/tests/components/PanicModal.spec.ts"},{"assertionResults":[{"ancestorTitles":["","TaskViewerModal.vue (US-039 p2 - Data Flattening & Prefixing)"],"fullName":" TaskViewerModal.vue (US-039 p2 - Data Flattening & Prefixing) US-039 p2: Inyecta el Prefijo `$generic_` a las llaves del payload para impedir Data Bleeding/Overwrites en Camunda","status":"passed","title":"US-039 p2: Inyecta el Prefijo `$generic_` a las llaves del payload para impedir Data Bleeding/Overwrites en Camunda","duration":69,"failureMessages":[]}],"startTime":1777837088689,"endTime":1777837088758,"status":"passed","message":"","name":"C:/Users/HaroltAndrésGómezAgu/ProyectoAntigravity/ibpms-platform/frontend/src/tests/components/TaskViewerModal.spec.ts"},{"assertionResults":[{"ancestorTitles":["","US-051 CA-7: Multi-Widget Conditional Rendering"],"fullName":" US-051 CA-7: Multi-Widget Conditional Rendering Renderiza distintos Widgets funcionales en el mismo Path (/) según las Flags de Rol","status":"skipped","title":"Renderiza distintos Widgets funcionales en el mismo Path (/) según las Flags de Rol","failureMessages":[]}],"startTime":1777837071152,"endTime":1777837071152,"status":"passed","message":"","name":"C:/Users/HaroltAndrésGómezAgu/ProyectoAntigravity/ibpms-platform/frontend/src/tests/components/WorkdeskWidgets.spec.ts"},{"assertionResults":[{"ancestorTitles":["","useConnectionStatus"],"fullName":" useConnectionStatus CA-19: debounces offline status by 5 seconds","status":"failed","title":"CA-19: debounces offline status by 5 seconds","duration":33,"failureMessages":["expected 'ONLINE' to be 'OFFLINE' // Object.is equality"],"location":{"line":30,"column":30}},{"ancestorTitles":["","useConnectionStatus"],"fullName":" useConnectionStatus CA-19: ignores micro-cuts (offline then online before 5s)","status":"passed","title":"CA-19: ignores micro-cuts (offline then online before 5s)","duration":2,"failureMessages":[]},{"ancestorTitles":["","useConnectionStatus"],"fullName":" useConnectionStatus registers and cleans up window event listeners","status":"failed","title":"registers and cleans up window event listeners","duration":2,"failureMessages":["Cannot destructure property 'cleanup' of 'useConnectionStatus(...)' as it is undefined."],"location":{"line":51,"column":17}}],"startTime":1777837094397,"endTime":1777837094434,"status":"failed","message":"","name":"C:/Users/HaroltAndrésGómezAgu/ProyectoAntigravity/ibpms-platform/frontend/src/tests/composables/useConnectionStatus.spec.ts"},{"assertionResults":[{"ancestorTitles":["","useDraftTtl (CA-36)"],"fullName":" useDraftTtl (CA-36) Inicializa con los segundos provistos y no está expirado","status":"passed","title":"Inicializa con los segundos provistos y no está expirado","duration":4,"failureMessages":[]},{"ancestorTitles":["","useDraftTtl (CA-36)"],"fullName":" useDraftTtl (CA-36) Decrementa el contador cada segundo tras startTtlClock","status":"passed","title":"Decrementa el contador cada segundo tras startTtlClock","duration":6,"failureMessages":[]},{"ancestorTitles":["","useDraftTtl (CA-36)"],"fullName":" useDraftTtl (CA-36) Marca isDraftExpired = true cuando llega a 0 (modal rojo bloqueante)","status":"passed","title":"Marca isDraftExpired = true cuando llega a 0 (modal rojo bloqueante)","duration":1,"failureMessages":[]},{"ancestorTitles":["","useDraftTtl (CA-36)"],"fullName":" useDraftTtl (CA-36) resetTtlClock reinicia el contador con nuevos segundos","status":"passed","title":"resetTtlClock reinicia el contador con nuevos segundos","duration":1,"failureMessages":[]}],"startTime":1777837094564,"endTime":1777837094576,"status":"passed","message":"","name":"C:/Users/HaroltAndrésGómezAgu/ProyectoAntigravity/ibpms-platform/frontend/src/tests/composables/useDraftTtl.spec.ts"},{"assertionResults":[{"ancestorTitles":["","SLA Engine - Matemáticas de Urgencia (US-001/043)"],"fullName":" SLA Engine - Matemáticas de Urgencia (US-001/043) debería retornar BLACK cuando la fecha actual supera el SLA Expiration","status":"passed","title":"debería retornar BLACK cuando la fecha actual supera el SLA Expiration","duration":4,"failureMessages":[]},{"ancestorTitles":["","SLA Engine - Matemáticas de Urgencia (US-001/043)"],"fullName":" SLA Engine - Matemáticas de Urgencia (US-001/043) debería calcular RED (Urgencia Crítica) cuando resta <= 15% del tiempo total de la tarea","status":"passed","title":"debería calcular RED (Urgencia Crítica) cuando resta <= 15% del tiempo total de la tarea","duration":1,"failureMessages":[]},{"ancestorTitles":["","SLA Engine - Matemáticas de Urgencia (US-001/043)"],"fullName":" SLA Engine - Matemáticas de Urgencia (US-001/043) debería calcular GREEN cuando resta más del 70% del tiempo","status":"passed","title":"debería calcular GREEN cuando resta más del 70% del tiempo","duration":1,"failureMessages":[]}],"startTime":1777837095987,"endTime":1777837095993,"status":"passed","message":"","name":"C:/Users/HaroltAndrésGómezAgu/ProyectoAntigravity/ibpms-platform/frontend/src/tests/composables/useSlaEngine.spec.ts"},{"assertionResults":[{"ancestorTitles":["","useSlaTrafficLight (CA-24 / CA-25)"],"fullName":" useSlaTrafficLight (CA-24 / CA-25) Devuelve sla-green si quedan más de 24 horas","status":"passed","title":"Devuelve sla-green si quedan más de 24 horas","duration":8,"failureMessages":[]},{"ancestorTitles":["","useSlaTrafficLight (CA-24 / CA-25)"],"fullName":" useSlaTrafficLight (CA-24 / CA-25) Devuelve sla-yellow si quedan entre 1h y 24h (CA-24)","status":"passed","title":"Devuelve sla-yellow si quedan entre 1h y 24h (CA-24)","duration":1,"failureMessages":[]},{"ancestorTitles":["","useSlaTrafficLight (CA-24 / CA-25)"],"fullName":" useSlaTrafficLight (CA-24 / CA-25) Devuelve sla-red si queda menos de 1h (CA-25)","status":"passed","title":"Devuelve sla-red si queda menos de 1h (CA-25)","duration":1,"failureMessages":[]},{"ancestorTitles":["","useSlaTrafficLight (CA-24 / CA-25)"],"fullName":" useSlaTrafficLight (CA-24 / CA-25) Devuelve expirado si ya pasó la fecha","status":"passed","title":"Devuelve expirado si ya pasó la fecha","duration":1,"failureMessages":[]},{"ancestorTitles":["","useSlaTrafficLight (CA-24 / CA-25)"],"fullName":" useSlaTrafficLight (CA-24 / CA-25) Devuelve gris si expirationDate es null","status":"passed","title":"Devuelve gris si expirationDate es null","duration":1,"failureMessages":[]}],"startTime":1777837093784,"endTime":1777837093797,"status":"passed","message":"","name":"C:/Users/HaroltAndrésGómezAgu/ProyectoAntigravity/ibpms-platform/frontend/src/tests/composables/useSlaTrafficLight.spec.ts"},{"assertionResults":[{"ancestorTitles":["","HU-[003.68]: Sinergia Arquitectónica y Resolución de GAPs Transversales"],"fullName":" HU-[003.68]: Sinergia Arquitectónica y Resolución de GAPs Transversales Escenario E2E [1]: Etiquetado Criptográfico PII Shift-Left (Happy Path)","status":"passed","title":"Escenario E2E [1]: Etiquetado Criptográfico PII Shift-Left (Happy Path)","duration":96,"failureMessages":[]},{"ancestorTitles":["","HU-[003.68]: Sinergia Arquitectónica y Resolución de GAPs Transversales"],"fullName":" HU-[003.68]: Sinergia Arquitectónica y Resolución de GAPs Transversales Escenario E2E [2]: Transformación Zod para Patrón Upload-First (Happy Path)","status":"passed","title":"Escenario E2E [2]: Transformación Zod para Patrón Upload-First (Happy Path)","duration":9,"failureMessages":[]},{"ancestorTitles":["","HU-[003.68]: Sinergia Arquitectónica y Resolución de GAPs Transversales"],"fullName":" HU-[003.68]: Sinergia Arquitectónica y Resolución de GAPs Transversales Escenario E2E [3]: Destrucción Física de Nodos por Matriz RBAC","status":"passed","title":"Escenario E2E [3]: Destrucción Física de Nodos por Matriz RBAC","duration":23,"failureMessages":[]},{"ancestorTitles":["","HU-[003.68]: Sinergia Arquitectónica y Resolución de GAPs Transversales"],"fullName":" HU-[003.68]: Sinergia Arquitectónica y Resolución de GAPs Transversales Escenario E2E [4]: Prevención de Corrupción por Bloqueo Pesimista (HTTP 409)","status":"passed","title":"Escenario E2E [4]: Prevención de Corrupción por Bloqueo Pesimista (HTTP 409)","duration":8,"failureMessages":[]},{"ancestorTitles":["","HU-[003.68]: Sinergia Arquitectónica y Resolución de GAPs Transversales"],"fullName":" HU-[003.68]: Sinergia Arquitectónica y Resolución de GAPs Transversales Escenario E2E [5]: Linter Preventivo de Fricción por Campos Huérfanos","status":"passed","title":"Escenario E2E [5]: Linter Preventivo de Fricción por Campos Huérfanos","duration":13,"failureMessages":[]}],"startTime":1777837078352,"endTime":1777837078501,"status":"passed","message":"","name":"C:/Users/HaroltAndrésGómezAgu/ProyectoAntigravity/ibpms-platform/frontend/src/tests/e2e/US003_ArchitecturalGaps.spec.ts"},{"assertionResults":[{"ancestorTitles":["","HU-[003]: Instanciar y Generar un Formulario \"iForm Maestro\""],"fullName":" HU-[003]: Instanciar y Generar un Formulario \"iForm Maestro\" Escenario E2E [1]: Inicialización exitosa de la arquitectura multi-etapa (Happy Path)","status":"passed","title":"Escenario E2E [1]: Inicialización exitosa de la arquitectura multi-etapa (Happy Path)","duration":115,"failureMessages":[]},{"ancestorTitles":["","HU-[003]: Instanciar y Generar un Formulario \"iForm Maestro\""],"fullName":" HU-[003]: Instanciar y Generar un Formulario \"iForm Maestro\" Escenario E2E [2]: Abandono prematuro de Configuración Arquitectónica (Sad Path)","status":"passed","title":"Escenario E2E [2]: Abandono prematuro de Configuración Arquitectónica (Sad Path)","duration":6,"failureMessages":[]}],"startTime":1777837078354,"endTime":1777837078476,"status":"passed","message":"","name":"C:/Users/HaroltAndrésGómezAgu/ProyectoAntigravity/ibpms-platform/frontend/src/tests/e2e/US003_FormMasterArchitecture.spec.ts"},{"assertionResults":[{"ancestorTitles":["","Pantalla 8: Integration Hub - Cryptography UI"],"fullName":" Pantalla 8: Integration Hub - Cryptography UI Debe renderizar un bloque PGP (ASCII Armor) al encriptar el payload","status":"passed","title":"Debe renderizar un bloque PGP (ASCII Armor) al encriptar el payload","duration":60,"failureMessages":[]}],"startTime":1777837100701,"endTime":1777837100761,"status":"passed","message":"","name":"C:/Users/HaroltAndrésGómezAgu/ProyectoAntigravity/ibpms-platform/frontend/src/tests/integration-hub/CryptographyService.spec.ts"},{"assertionResults":[{"ancestorTitles":["","Pantalla 8: Integration Hub - OutboundDispatcher"],"fullName":" Pantalla 8: Integration Hub - OutboundDispatcher Debe bloquear el guardado de un Webhook si la IP apunta a Localhost (SSRF Guardrail)","status":"passed","title":"Debe bloquear el guardado de un Webhook si la IP apunta a Localhost (SSRF Guardrail)","duration":72,"failureMessages":[]},{"ancestorTitles":["","Pantalla 8: Integration Hub - OutboundDispatcher"],"fullName":" Pantalla 8: Integration Hub - OutboundDispatcher Debe bloquear el guardado si intenta alcanzar metadatos Cloud de AWS (169.254.169.254)","status":"passed","title":"Debe bloquear el guardado si intenta alcanzar metadatos Cloud de AWS (169.254.169.254)","duration":9,"failureMessages":[]}],"startTime":1777837096637,"endTime":1777837096718,"status":"passed","message":"","name":"C:/Users/HaroltAndrésGómezAgu/ProyectoAntigravity/ibpms-platform/frontend/src/tests/integration-hub/OutboundDispatcher.spec.ts"},{"assertionResults":[{"ancestorTitles":["","US-051: Router Guard & Cyber Gaslighting (Iteración 46)"],"fullName":" US-051: Router Guard & Cyber Gaslighting (Iteración 46) CA-1: router.beforeResolve bloquea navegación hasta recuperar estado histórico de Pinia","status":"passed","title":"CA-1: router.beforeResolve bloquea navegación hasta recuperar estado histórico de Pinia","duration":38,"failureMessages":[]},{"ancestorTitles":["","US-051: Router Guard & Cyber Gaslighting (Iteración 46)"],"fullName":" US-051: Router Guard & Cyber Gaslighting (Iteración 46) CA-2: Gaslighting Cibernético - Ruta prohibida devuelve componente 404 sin mutar URL del navegador","status":"passed","title":"CA-2: Gaslighting Cibernético - Ruta prohibida devuelve componente 404 sin mutar URL del navegador","duration":4,"failureMessages":[]},{"ancestorTitles":["","US-051: Router Guard & Cyber Gaslighting (Iteración 46)"],"fullName":" US-051: Router Guard & Cyber Gaslighting (Iteración 46) CA-3: Rutas con isPublic dan bypass matemático al ciclo pesado","status":"passed","title":"CA-3: Rutas con isPublic dan bypass matemático al ciclo pesado","duration":4,"failureMessages":[]}],"startTime":1777837078468,"endTime":1777837078514,"status":"passed","message":"","name":"C:/Users/HaroltAndrésGómezAgu/ProyectoAntigravity/ibpms-platform/frontend/src/tests/router/RouterGuard.spec.ts"},{"assertionResults":[{"ancestorTitles":["","apiClient Interceptors"],"fullName":" apiClient Interceptors CA-32: Un error 403 con código general debe invocar purgeTopology() del MenuStore","status":"passed","title":"CA-32: Un error 403 con código general debe invocar purgeTopology() del MenuStore","duration":79,"failureMessages":[]}],"startTime":1777837098608,"endTime":1777837098687,"status":"passed","message":"","name":"C:/Users/HaroltAndrésGómezAgu/ProyectoAntigravity/ibpms-platform/frontend/src/tests/services/axiosInterceptor.spec.ts"},{"assertionResults":[{"ancestorTitles":["","FormDefinitionAPI (CA-89)"],"fullName":" FormDefinitionAPI (CA-89) should successfully GET form versions from /api/v1/forms/{id}/versions","status":"passed","title":"should successfully GET form versions from /api/v1/forms/{id}/versions","duration":13,"failureMessages":[]},{"ancestorTitles":["","FormDefinitionAPI (CA-89)"],"fullName":" FormDefinitionAPI (CA-89) should successfully POST a new form version to /api/v1/forms/{id}","status":"passed","title":"should successfully POST a new form version to /api/v1/forms/{id}","duration":4,"failureMessages":[]}],"startTime":1777837091322,"endTime":1777837091340,"status":"passed","message":"","name":"C:/Users/HaroltAndrésGómezAgu/ProyectoAntigravity/ibpms-platform/frontend/src/tests/services/FormDefinitionAPI.spec.ts"},{"assertionResults":[{"ancestorTitles":["","FormEngineService - Parseador JSON a Zod (Shift-Left Test US-003)"],"fullName":" FormEngineService - Parseador JSON a Zod (Shift-Left Test US-003) Debe crear un esquema Zod válido y aceptar un JSON que cumpla todas las reglas","status":"passed","title":"Debe crear un esquema Zod válido y aceptar un JSON que cumpla todas las reglas","duration":5,"failureMessages":[]},{"ancestorTitles":["","FormEngineService - Parseador JSON a Zod (Shift-Left Test US-003)"],"fullName":" FormEngineService - Parseador JSON a Zod (Shift-Left Test US-003) Debe rechazar payloads que no cumplan con el atributo required","status":"passed","title":"Debe rechazar payloads que no cumplan con el atributo required","duration":1,"failureMessages":[]},{"ancestorTitles":["","FormEngineService - Parseador JSON a Zod (Shift-Left Test US-003)"],"fullName":" FormEngineService - Parseador JSON a Zod (Shift-Left Test US-003) Debe rechazar longitudes de texto inválidas según minLength","status":"passed","title":"Debe rechazar longitudes de texto inválidas según minLength","duration":1,"failureMessages":[]},{"ancestorTitles":["","FormEngineService - Parseador JSON a Zod (Shift-Left Test US-003)"],"fullName":" FormEngineService - Parseador JSON a Zod (Shift-Left Test US-003) Debe forzar validación estricta enum en los inputs SELECT","status":"passed","title":"Debe forzar validación estricta enum en los inputs SELECT","duration":0,"failureMessages":[]}],"startTime":1777837085768,"endTime":1777837085775,"status":"passed","message":"","name":"C:/Users/HaroltAndrésGómezAgu/ProyectoAntigravity/ibpms-platform/frontend/src/tests/services/FormEngineService.spec.ts"},{"assertionResults":[{"ancestorTitles":["","Auth Store (Pinia)"],"fullName":" Auth Store (Pinia) should initialize with empty state","status":"passed","title":"should initialize with empty state","duration":8,"failureMessages":[]},{"ancestorTitles":["","Auth Store (Pinia)"],"fullName":" Auth Store (Pinia) login() should mutate state and save to localStorage","status":"passed","title":"login() should mutate state and save to localStorage","duration":5,"failureMessages":[]},{"ancestorTitles":["","Auth Store (Pinia)"],"fullName":" Auth Store (Pinia) logout() should clear state and remove from localStorage","status":"passed","title":"logout() should clear state and remove from localStorage","duration":7,"failureMessages":[]}],"startTime":1777837098877,"endTime":1777837098897,"status":"passed","message":"","name":"C:/Users/HaroltAndrésGómezAgu/ProyectoAntigravity/ibpms-platform/frontend/src/tests/stores/authStore.spec.ts"},{"assertionResults":[{"ancestorTitles":["","connectionStore"],"fullName":" connectionStore should initialize with ONLINE status","status":"passed","title":"should initialize with ONLINE status","duration":10,"failureMessages":[]},{"ancestorTitles":["","connectionStore"],"fullName":" connectionStore should transition to OFFLINE and be visible","status":"passed","title":"should transition to OFFLINE and be visible","duration":7,"failureMessages":[]},{"ancestorTitles":["","connectionStore"],"fullName":" connectionStore should transition to RECONNECTING","status":"passed","title":"should transition to RECONNECTING","duration":2,"failureMessages":[]},{"ancestorTitles":["","connectionStore"],"fullName":" connectionStore should transition to DEGRADED","status":"passed","title":"should transition to DEGRADED","duration":2,"failureMessages":[]},{"ancestorTitles":["","connectionStore"],"fullName":" connectionStore should transition to RESTORED","status":"passed","title":"should transition to RESTORED","duration":0,"failureMessages":[]},{"ancestorTitles":["","connectionStore"],"fullName":" connectionStore CA-26: Toast entra en SILENCED cuando ErrorStateGlobal está visible","status":"passed","title":"CA-26: Toast entra en SILENCED cuando ErrorStateGlobal está visible","duration":1,"failureMessages":[]},{"ancestorTitles":["","connectionStore"],"fullName":" connectionStore should restore visibility when unsilenced","status":"passed","title":"should restore visibility when unsilenced","duration":1,"failureMessages":[]}],"startTime":1777837091915,"endTime":1777837091939,"status":"passed","message":"","name":"C:/Users/HaroltAndrésGómezAgu/ProyectoAntigravity/ibpms-platform/frontend/src/tests/stores/connectionStore.spec.ts"},{"assertionResults":[{"ancestorTitles":["","AuthStore - Security & RBAC"],"fullName":" AuthStore - Security & RBAC debería inicializar vacío sin un token de localStorage","status":"passed","title":"debería inicializar vacío sin un token de localStorage","duration":8,"failureMessages":[]},{"ancestorTitles":["","AuthStore - Security & RBAC"],"fullName":" AuthStore - Security & RBAC debería forzar autenticación fallida y purgar si un hacker inyecta un localStorage forjado con un JWT base roto","status":"passed","title":"debería forzar autenticación fallida y purgar si un hacker inyecta un localStorage forjado con un JWT base roto","duration":113,"failureMessages":[]},{"ancestorTitles":["","AuthStore - Security & RBAC"],"fullName":" AuthStore - Security & RBAC debería asignar rol administrativo solo si el JWT porta las claims validadas (EMERGENCY_LOCAL_JWT)","status":"passed","title":"debería asignar rol administrativo solo si el JWT porta las claims validadas (EMERGENCY_LOCAL_JWT)","duration":32,"failureMessages":[]},{"ancestorTitles":["","AuthStore - Security & RBAC"],"fullName":" AuthStore - Security & RBAC debería erradicar el estado por completo al ejecutar logout (Prevención DOM Thrashing y Fugas)","status":"passed","title":"debería erradicar el estado por completo al ejecutar logout (Prevención DOM Thrashing y Fugas)","duration":3,"failureMessages":[]}],"startTime":1777837088164,"endTime":1777837088320,"status":"passed","message":"","name":"C:/Users/HaroltAndrésGómezAgu/ProyectoAntigravity/ibpms-platform/frontend/src/tests/stores/useAuthStore.spec.ts"},{"assertionResults":[{"ancestorTitles":["","useDmnStore"],"fullName":" useDmnStore Inicializa vacio","status":"passed","title":"Inicializa vacio","duration":6,"failureMessages":[]},{"ancestorTitles":["","useDmnStore"],"fullName":" useDmnStore Ejecuta generateFromPrompt y populariza NLP XML","status":"passed","title":"Ejecuta generateFromPrompt y populariza NLP XML","duration":4,"failureMessages":[]},{"ancestorTitles":["","useDmnStore"],"fullName":" useDmnStore Maneja errores de caidas en Prompt NLP","status":"passed","title":"Maneja errores de caidas en Prompt NLP","duration":12,"failureMessages":[]},{"ancestorTitles":["","useDmnStore"],"fullName":" useDmnStore Test CA-21: 422 XML Inválido expone el error SAX y evita renderizado","status":"passed","title":"Test CA-21: 422 XML Inválido expone el error SAX y evita renderizado","duration":2,"failureMessages":[]},{"ancestorTitles":["","useDmnStore"],"fullName":" useDmnStore Test CA-22: 403 HIT_POLICY_FORBIDDEN emite evento hit-policy-forbidden","status":"passed","title":"Test CA-22: 403 HIT_POLICY_FORBIDDEN emite evento hit-policy-forbidden","duration":2,"failureMessages":[]},{"ancestorTitles":["","useDmnStore"],"fullName":" useDmnStore Test CA-23: 429 Activa contador Rate Limit basado en header Retry-After","status":"passed","title":"Test CA-23: 429 Activa contador Rate Limit basado en header Retry-After","duration":1,"failureMessages":[]},{"ancestorTitles":["","useDmnStore"],"fullName":" useDmnStore Test CA-24: 504 Timeout activa prevents normal flow and sets requiresFallback","status":"passed","title":"Test CA-24: 504 Timeout activa prevents normal flow and sets requiresFallback","duration":1,"failureMessages":[]}],"startTime":1777837080927,"endTime":1777837080955,"status":"passed","message":"","name":"C:/Users/HaroltAndrésGómezAgu/ProyectoAntigravity/ibpms-platform/frontend/src/tests/stores/useDmnStore.spec.ts"},{"assertionResults":[{"ancestorTitles":["","useFormStore"],"fullName":" useFormStore Valida correctamente usando Zod schema","status":"passed","title":"Valida correctamente usando Zod schema","duration":14,"failureMessages":[]},{"ancestorTitles":["","useFormStore"],"fullName":" useFormStore Ejecuta saveDraft correctamente","status":"passed","title":"Ejecuta saveDraft correctamente","duration":3,"failureMessages":[]},{"ancestorTitles":["","useFormStore"],"fullName":" useFormStore Inicia Soft-Undo e interrumpe envío final si es revertido","status":"passed","title":"Inicia Soft-Undo e interrumpe envío final si es revertido","duration":4,"failureMessages":[]},{"ancestorTitles":["","useFormStore"],"fullName":" useFormStore Permite el envio exitoso post Soft-Undo Timeout","status":"passed","title":"Permite el envio exitoso post Soft-Undo Timeout","duration":4,"failureMessages":[]},{"ancestorTitles":["","useFormStore"],"fullName":" useFormStore Test CA-31 / CA-32: Fallo de red 504 almacena idempotencyKey y activa requiresRetry","status":"passed","title":"Test CA-31 / CA-32: Fallo de red 504 almacena idempotencyKey y activa requiresRetry","duration":4,"failureMessages":[]},{"ancestorTitles":["","useFormStore"],"fullName":" useFormStore Test CA-31 / CA-32: Retries mantienen misma idempotencyKey y frenan a los 3 reintentos","status":"passed","title":"Test CA-31 / CA-32: Retries mantienen misma idempotencyKey y frenan a los 3 reintentos","duration":3,"failureMessages":[]},{"ancestorTitles":["","useFormStore"],"fullName":" useFormStore Test CA-37: HTTP 500 expone error genérico sin stack trace","status":"passed","title":"Test CA-37: HTTP 500 expone error genérico sin stack trace","duration":1,"failureMessages":[]},{"ancestorTitles":["","useFormStore"],"fullName":" useFormStore Test CA-35: HTTP 409 con SESSION_CONFLICT dispara evento","status":"passed","title":"Test CA-35: HTTP 409 con SESSION_CONFLICT dispara evento","duration":3,"failureMessages":[]},{"ancestorTitles":["","useFormStore"],"fullName":" useFormStore Test CA-2: HTTP 400 Backend mapea errores de Zod en validationErrors","status":"passed","title":"Test CA-2: HTTP 400 Backend mapea errores de Zod en validationErrors","duration":1,"failureMessages":[]}],"startTime":1777837074288,"endTime":1777837074325,"status":"passed","message":"","name":"C:/Users/HaroltAndrésGómezAgu/ProyectoAntigravity/ibpms-platform/frontend/src/tests/stores/useFormStore.spec.ts"},{"assertionResults":[{"ancestorTitles":["","useMenuStore"],"fullName":" useMenuStore CA-31: fetchMenuLayout llama al endpoint /api/v1/users/me/menu-layout","status":"passed","title":"CA-31: fetchMenuLayout llama al endpoint /api/v1/users/me/menu-layout","duration":9,"failureMessages":[]},{"ancestorTitles":["","useMenuStore"],"fullName":" useMenuStore CA-32: purgeTopology() limpia la caché del layout dejándola en []","status":"passed","title":"CA-32: purgeTopology() limpia la caché del layout dejándola en []","duration":0,"failureMessages":[]},{"ancestorTitles":["","useMenuStore"],"fullName":" useMenuStore CA-26: purgeTopology() no corrompe la inicialización asíncrona","status":"passed","title":"CA-26: purgeTopology() no corrompe la inicialización asíncrona","duration":1,"failureMessages":[]}],"startTime":1777837101070,"endTime":1777837101080,"status":"passed","message":"","name":"C:/Users/HaroltAndrésGómezAgu/ProyectoAntigravity/ibpms-platform/frontend/src/tests/stores/useMenuStore.spec.ts"},{"assertionResults":[{"ancestorTitles":["","useProjectTemplateStore (Epic 8 UX Defensive Rules)"],"fullName":" useProjectTemplateStore (Epic 8 UX Defensive Rules) isPublishable debe ser FALSE si hay una o mas Tareas sin formKey (null)","status":"passed","title":"isPublishable debe ser FALSE si hay una o mas Tareas sin formKey (null)","duration":5,"failureMessages":[]},{"ancestorTitles":["","useProjectTemplateStore (Epic 8 UX Defensive Rules)"],"fullName":" useProjectTemplateStore (Epic 8 UX Defensive Rules) isPublishable debe ser TRUE si todas las tareas tienen formKey","status":"passed","title":"isPublishable debe ser TRUE si todas las tareas tienen formKey","duration":1,"failureMessages":[]},{"ancestorTitles":["","useProjectTemplateStore (Epic 8 UX Defensive Rules)"],"fullName":" useProjectTemplateStore (Epic 8 UX Defensive Rules) Al modificar el selectedTask, se recalcula isPublishable dinamicamente en la RAM (TopSort Mock)","status":"passed","title":"Al modificar el selectedTask, se recalcula isPublishable dinamicamente en la RAM (TopSort Mock)","duration":2,"failureMessages":[]}],"startTime":1777837083390,"endTime":1777837083400,"status":"passed","message":"","name":"C:/Users/HaroltAndrésGómezAgu/ProyectoAntigravity/ibpms-platform/frontend/src/tests/stores/useProjectTemplateStore.spec.ts"},{"assertionResults":[{"ancestorTitles":["","useTimeboxStore (Sprint 5 - Iteration 2)"],"fullName":" useTimeboxStore (Sprint 5 - Iteration 2) estado inicial correcto","status":"passed","title":"estado inicial correcto","duration":14,"failureMessages":[]},{"ancestorTitles":["","useTimeboxStore (Sprint 5 - Iteration 2)"],"fullName":" useTimeboxStore (Sprint 5 - Iteration 2) fetchLogs hidrata la bitácora exitosamente","status":"passed","title":"fetchLogs hidrata la bitácora exitosamente","duration":3,"failureMessages":[]},{"ancestorTitles":["","useTimeboxStore (Sprint 5 - Iteration 2)"],"fullName":" useTimeboxStore (Sprint 5 - Iteration 2) fetchLogs maneja fallos estructurales","status":"passed","title":"fetchLogs maneja fallos estructurales","duration":0,"failureMessages":[]},{"ancestorTitles":["","useTimeboxStore (Sprint 5 - Iteration 2)"],"fullName":" useTimeboxStore (Sprint 5 - Iteration 2) extendSla fluye correctamente y refresca bitácora","status":"passed","title":"extendSla fluye correctamente y refresca bitácora","duration":1,"failureMessages":[]},{"ancestorTitles":["","useTimeboxStore (Sprint 5 - Iteration 2)"],"fullName":" useTimeboxStore (Sprint 5 - Iteration 2) extendSla captura Error de Idempotencia (Conflict 409 o 429)","status":"passed","title":"extendSla captura Error de Idempotencia (Conflict 409 o 429)","duration":1,"failureMessages":[]}],"startTime":1777837083104,"endTime":1777837083124,"status":"passed","message":"","name":"C:/Users/HaroltAndrésGómezAgu/ProyectoAntigravity/ibpms-platform/frontend/src/tests/stores/useTimeboxStore.spec.ts"},{"assertionResults":[{"ancestorTitles":["","US-007 CA-9: Transformación Frontend de Variables Conservadoras DMN (Iteración 51)"],"fullName":" US-007 CA-9: Transformación Frontend de Variables Conservadoras DMN (Iteración 51) Muta matemáticamente (Casteo) los DatePickers complejos y ISO Strings a Enteros Inmutables (Timestamps) pre-inyección Cognitiva","status":"passed","title":"Muta matemáticamente (Casteo) los DatePickers complejos y ISO Strings a Enteros Inmutables (Timestamps) pre-inyección Cognitiva","duration":2,"failureMessages":[]}],"startTime":1777837093662,"endTime":1777837093664,"status":"passed","message":"","name":"C:/Users/HaroltAndrésGómezAgu/ProyectoAntigravity/ibpms-platform/frontend/src/tests/utils/DateTransformer.spec.ts"},{"assertionResults":[{"ancestorTitles":["","Sanitización XSS en DMN XML (CA-4)"],"fullName":" Sanitización XSS en DMN XML (CA-4) Mantiene etiquetas válidas de DMN/BPMN intactas","status":"passed","title":"Mantiene etiquetas válidas de DMN/BPMN intactas","duration":34,"failureMessages":[]},{"ancestorTitles":["","Sanitización XSS en DMN XML (CA-4)"],"fullName":" Sanitización XSS en DMN XML (CA-4) Elimina etiquetas de script maliciosas","status":"passed","title":"Elimina etiquetas de script maliciosas","duration":6,"failureMessages":[]},{"ancestorTitles":["","Sanitización XSS en DMN XML (CA-4)"],"fullName":" Sanitización XSS en DMN XML (CA-4) Purga atributos con handlers de eventos (onerror, onclick)","status":"passed","title":"Purga atributos con handlers de eventos (onerror, onclick)","duration":4,"failureMessages":[]},{"ancestorTitles":["","Sanitización XSS en DMN XML (CA-4)"],"fullName":" Sanitización XSS en DMN XML (CA-4) Sanitiza inyecciones URI javascript:","status":"passed","title":"Sanitiza inyecciones URI javascript:","duration":3,"failureMessages":[]}],"startTime":1777837093691,"endTime":1777837093738,"status":"passed","message":"","name":"C:/Users/HaroltAndrésGómezAgu/ProyectoAntigravity/ibpms-platform/frontend/src/tests/utils/DmnAntiXss.spec.ts"},{"assertionResults":[{"ancestorTitles":["","PmoSettings.vue"],"fullName":" PmoSettings.vue CA-3/CA-5: onMounted fetches business-hours and holidays correctly","status":"passed","title":"CA-3/CA-5: onMounted fetches business-hours and holidays correctly","duration":69,"failureMessages":[]},{"ancestorTitles":["","PmoSettings.vue"],"fullName":" PmoSettings.vue CA-3: Retroactive SLA Apply triggers 202 Modal","status":"passed","title":"CA-3: Retroactive SLA Apply triggers 202 Modal","duration":64,"failureMessages":[]},{"ancestorTitles":["","PmoSettings.vue"],"fullName":" PmoSettings.vue CA-5: Can delete a holiday from the UI","status":"passed","title":"CA-5: Can delete a holiday from the UI","duration":27,"failureMessages":[]}],"startTime":1777837082588,"endTime":1777837082748,"status":"passed","message":"","name":"C:/Users/HaroltAndrésGómezAgu/ProyectoAntigravity/ibpms-platform/frontend/src/tests/views/PmoSettings.spec.ts"},{"assertionResults":[{"ancestorTitles":["","Pantalla 1: Hybrid Workdesk (US-001)"],"fullName":" Pantalla 1: Hybrid Workdesk (US-001) Debe renderizar ⚡ BPMN y 📋 KANBAN según el sourceSystem","status":"skipped","title":"Debe renderizar ⚡ BPMN y 📋 KANBAN según el sourceSystem","failureMessages":[]},{"ancestorTitles":["","Pantalla 1: Hybrid Workdesk (US-001)"],"fullName":" Pantalla 1: Hybrid Workdesk (US-001) Debe renderizar el Semáforo SLA (bg-red-100) si la fecha expiró","status":"skipped","title":"Debe renderizar el Semáforo SLA (bg-red-100) si la fecha expiró","failureMessages":[]}],"startTime":1777837071152,"endTime":1777837071152,"status":"passed","message":"","name":"C:/Users/HaroltAndrésGómezAgu/ProyectoAntigravity/ibpms-platform/frontend/src/tests/views/Workdesk.spec.ts"},{"assertionResults":[{"ancestorTitles":["","US-001 Iteración 78-DEV: Faceted Filters & Rate Limiting (QA Certification)"],"fullName":" US-001 Iteración 78-DEV: Faceted Filters & Rate Limiting (QA Certification) [CA-22/CA-29] Facet chips renderizados con contadores cuando store.facets presente","status":"passed","title":"[CA-22/CA-29] Facet chips renderizados con contadores cuando store.facets presente","duration":165,"failureMessages":[]},{"ancestorTitles":["","US-001 Iteración 78-DEV: Faceted Filters & Rate Limiting (QA Certification)"],"fullName":" US-001 Iteración 78-DEV: Faceted Filters & Rate Limiting (QA Certification) [CA-22] Chip de faceta es clickeable y contiene el handler applyFacetFilter","status":"passed","title":"[CA-22] Chip de faceta es clickeable y contiene el handler applyFacetFilter","duration":74,"failureMessages":[]},{"ancestorTitles":["","US-001 Iteración 78-DEV: Faceted Filters & Rate Limiting (QA Certification)"],"fullName":" US-001 Iteración 78-DEV: Faceted Filters & Rate Limiting (QA Certification) [CA-29] Facetas no visibles cuando store.facets está vacío","status":"passed","title":"[CA-29] Facetas no visibles cuando store.facets está vacío","duration":54,"failureMessages":[]},{"ancestorTitles":["","US-001 Iteración 78-DEV: Faceted Filters & Rate Limiting (QA Certification)"],"fullName":" US-001 Iteración 78-DEV: Faceted Filters & Rate Limiting (QA Certification) [CA-30] Store maneja 429 sin limpiar items existentes","status":"passed","title":"[CA-30] Store maneja 429 sin limpiar items existentes","duration":2,"failureMessages":[]},{"ancestorTitles":["","US-001 Iteración 78-DEV: Faceted Filters & Rate Limiting (QA Certification)"],"fullName":" US-001 Iteración 78-DEV: Faceted Filters & Rate Limiting (QA Certification) [CA-30] apiClient exporta interceptor funcional para rate limiting","status":"passed","title":"[CA-30] apiClient exporta interceptor funcional para rate limiting","duration":1,"failureMessages":[]}],"startTime":1777837074580,"endTime":1777837074876,"status":"passed","message":"","name":"C:/Users/HaroltAndrésGómezAgu/ProyectoAntigravity/ibpms-platform/frontend/src/tests/views/WorkdeskFacets.spec.ts"},{"assertionResults":[{"ancestorTitles":["","US-001 Iteración 77-DEV: Workdesk Data Grid (QA Certification)"],"fullName":" US-001 Iteración 77-DEV: Workdesk Data Grid (QA Certification) [CA-03] Data Grid renderiza 6 columnas: Nombre, SLA, Estado, Avance, Recurso, Acciones","status":"passed","title":"[CA-03] Data Grid renderiza 6 columnas: Nombre, SLA, Estado, Avance, Recurso, Acciones","duration":134,"failureMessages":[]},{"ancestorTitles":["","US-001 Iteración 77-DEV: Workdesk Data Grid (QA Certification)"],"fullName":" US-001 Iteración 77-DEV: Workdesk Data Grid (QA Certification) [CA-23] Progress bar muestra porcentaje cuando progressPercent != null","status":"passed","title":"[CA-23] Progress bar muestra porcentaje cuando progressPercent != null","duration":74,"failureMessages":[]},{"ancestorTitles":["","US-001 Iteración 77-DEV: Workdesk Data Grid (QA Certification)"],"fullName":" US-001 Iteración 77-DEV: Workdesk Data Grid (QA Certification) [CA-23] Columna Avance muestra \"N/D\" cuando progressPercent es null","status":"passed","title":"[CA-23] Columna Avance muestra \"N/D\" cuando progressPercent es null","duration":47,"failureMessages":[]},{"ancestorTitles":["","US-001 Iteración 77-DEV: Workdesk Data Grid (QA Certification)"],"fullName":" US-001 Iteración 77-DEV: Workdesk Data Grid (QA Certification) [CA-07/CA-18] Banner degradación visible cuando store.isDegraded = true","status":"passed","title":"[CA-07/CA-18] Banner degradación visible cuando store.isDegraded = true","duration":67,"failureMessages":[]},{"ancestorTitles":["","US-001 Iteración 77-DEV: Workdesk Data Grid (QA Certification)"],"fullName":" US-001 Iteración 77-DEV: Workdesk Data Grid (QA Certification) [CA-12] Empty State gamificado muestra celebración cuando items vacíos","status":"passed","title":"[CA-12] Empty State gamificado muestra celebración cuando items vacíos","duration":360,"failureMessages":[]}],"startTime":1777837074584,"endTime":1777837075266,"status":"passed","message":"","name":"C:/Users/HaroltAndrésGómezAgu/ProyectoAntigravity/ibpms-platform/frontend/src/tests/views/WorkdeskGrid.spec.ts"},{"assertionResults":[{"ancestorTitles":["","Workdesk.vue (US-001 Hybrid CQRS & SLA Ticking)"],"fullName":" Workdesk.vue (US-001 Hybrid CQRS & SLA Ticking) Renders the CQRS Native Data Grid <table> with <th> properly","status":"skipped","title":"Renders the CQRS Native Data Grid <table> with <th> properly","failureMessages":[]},{"ancestorTitles":["","Workdesk.vue (US-001 Hybrid CQRS & SLA Ticking)"],"fullName":" Workdesk.vue (US-001 Hybrid CQRS & SLA Ticking) Executes Search with 500ms Debounce altering the Pinia Store call","status":"skipped","title":"Executes Search with 500ms Debounce altering the Pinia Store call","failureMessages":[]},{"ancestorTitles":["","Workdesk.vue (US-001 Hybrid CQRS & SLA Ticking)"],"fullName":" Workdesk.vue (US-001 Hybrid CQRS & SLA Ticking) Transitions SLA Colors reactively via Ticking Engine","status":"skipped","title":"Transitions SLA Colors reactively via Ticking Engine","failureMessages":[]},{"ancestorTitles":["","Workdesk.vue (US-001 Hybrid CQRS & SLA Ticking)"],"fullName":" Workdesk.vue (US-001 Hybrid CQRS & SLA Ticking) US-039: Preserves Generic Form Draft in LocalStorage upon accidental tab closure","status":"skipped","title":"US-039: Preserves Generic Form Draft in LocalStorage upon accidental tab closure","failureMessages":[]},{"ancestorTitles":["","Workdesk.vue (US-001 Hybrid CQRS & SLA Ticking)"],"fullName":" Workdesk.vue (US-001 Hybrid CQRS & SLA Ticking) US-043 CA-6: Renderiza alerta amarilla (Warning) en la grilla cuando Backend DTO indica isAtWarningThreshold","status":"skipped","title":"US-043 CA-6: Renderiza alerta amarilla (Warning) en la grilla cuando Backend DTO indica isAtWarningThreshold","failureMessages":[]},{"ancestorTitles":["","Workdesk.vue (US-001 Hybrid CQRS & SLA Ticking)"],"fullName":" Workdesk.vue (US-001 Hybrid CQRS & SLA Ticking) HOTFIX US-051 Regresión: Aserción matemática de Estructura Grid y Cards Operativas","status":"skipped","title":"HOTFIX US-051 Regresión: Aserción matemática de Estructura Grid y Cards Operativas","failureMessages":[]}],"startTime":1777837071152,"endTime":1777837071152,"status":"passed","message":"","name":"C:/Users/HaroltAndrésGómezAgu/ProyectoAntigravity/ibpms-platform/frontend/src/views/__tests__/Workdesk.spec.ts"},{"assertionResults":[{"ancestorTitles":["","DynamicRoleCards.vue (CA-09 al CA-14)"],"fullName":" DynamicRoleCards.vue (CA-09 al CA-14) Renderiza SkeletonCard si isLoading es true (CA-15)","status":"passed","title":"Renderiza SkeletonCard si isLoading es true (CA-15)","duration":76,"failureMessages":[]},{"ancestorTitles":["","DynamicRoleCards.vue (CA-09 al CA-14)"],"fullName":" DynamicRoleCards.vue (CA-09 al CA-14) Aplica borrado V-IF atómico (CA-11): no renderiza tarjeta si rol no coincide","status":"passed","title":"Aplica borrado V-IF atómico (CA-11): no renderiza tarjeta si rol no coincide","duration":27,"failureMessages":[]},{"ancestorTitles":["","DynamicRoleCards.vue (CA-09 al CA-14)"],"fullName":" DynamicRoleCards.vue (CA-09 al CA-14) Renderiza tarjeta si rol coincide o está permitido (CA-09)","status":"passed","title":"Renderiza tarjeta si rol coincide o está permitido (CA-09)","duration":10,"failureMessages":[]}],"startTime":1777837091876,"endTime":1777837091989,"status":"passed","message":"","name":"C:/Users/HaroltAndrésGómezAgu/ProyectoAntigravity/ibpms-platform/frontend/src/tests/components/agile/DynamicRoleCards.spec.ts"},{"assertionResults":[{"ancestorTitles":["","SkeletonCard.vue (CA-15 al CA-18)"],"fullName":" SkeletonCard.vue (CA-15 al CA-18) Renderiza la animación de esqueleto al cargar","status":"passed","title":"Renderiza la animación de esqueleto al cargar","duration":45,"failureMessages":[]}],"startTime":1777837101427,"endTime":1777837101472,"status":"passed","message":"","name":"C:/Users/HaroltAndrésGómezAgu/ProyectoAntigravity/ibpms-platform/frontend/src/tests/components/agile/SkeletonCard.spec.ts"},{"assertionResults":[{"ancestorTitles":["","DmnGridManual & Split-View (US-007 CA-26 to CA-32)"],"fullName":" DmnGridManual & Split-View (US-007 CA-26 to CA-32) gap-08: virtual_scrolling_renders_limited_items","status":"passed","title":"gap-08: virtual_scrolling_renders_limited_items","duration":155,"failureMessages":[]},{"ancestorTitles":["","DmnGridManual & Split-View (US-007 CA-26 to CA-32)"],"fullName":" DmnGridManual & Split-View (US-007 CA-26 to CA-32) gap-21: in_app_search_highlights_matches","status":"passed","title":"gap-21: in_app_search_highlights_matches","duration":23,"failureMessages":[]},{"ancestorTitles":["","DmnGridManual & Split-View (US-007 CA-26 to CA-32)"],"fullName":" DmnGridManual & Split-View (US-007 CA-26 to CA-32) gap-25: xml_load_retains_editability","status":"passed","title":"gap-25: xml_load_retains_editability","duration":27,"failureMessages":[]},{"ancestorTitles":["","DmnGridManual & Split-View (US-007 CA-26 to CA-32)"],"fullName":" DmnGridManual & Split-View (US-007 CA-26 to CA-32) renders_split_view_chat_and_grid (CA-26)","status":"passed","title":"renders_split_view_chat_and_grid (CA-26)","duration":18,"failureMessages":[]},{"ancestorTitles":["","DmnGridManual & Split-View (US-007 CA-26 to CA-32)"],"fullName":" DmnGridManual & Split-View (US-007 CA-26 to CA-32) validates_feel_syntax_realtime (CA-28)","status":"passed","title":"validates_feel_syntax_realtime (CA-28)","duration":21,"failureMessages":[]},{"ancestorTitles":["","DmnGridManual & Split-View (US-007 CA-26 to CA-32)"],"fullName":" DmnGridManual & Split-View (US-007 CA-26 to CA-32) renders_catch_all_locked_row (CA-29)","status":"passed","title":"renders_catch_all_locked_row (CA-29)","duration":18,"failureMessages":[]},{"ancestorTitles":["","DmnGridManual & Split-View (US-007 CA-26 to CA-32)"],"fullName":" DmnGridManual & Split-View (US-007 CA-26 to CA-32) disables_add_button_at_100_rows (CA-31)","status":"passed","title":"disables_add_button_at_100_rows (CA-31)","duration":37,"failureMessages":[]}],"startTime":1777837085777,"endTime":1777837086077,"status":"passed","message":"","name":"C:/Users/HaroltAndrésGómezAgu/ProyectoAntigravity/ibpms-platform/frontend/src/tests/components/dmn/DmnGridManual.spec.ts"},{"assertionResults":[{"ancestorTitles":["","DmnNlpPanel.vue (CA-16 al CA-20)"],"fullName":" DmnNlpPanel.vue (CA-16 al CA-20) Renderiza vacio inicialmente sin previsualizacion","status":"passed","title":"Renderiza vacio inicialmente sin previsualizacion","duration":48,"failureMessages":[]},{"ancestorTitles":["","DmnNlpPanel.vue (CA-16 al CA-20)"],"fullName":" DmnNlpPanel.vue (CA-16 al CA-20) El boton se habilita al escribir y desactiva al generar","status":"passed","title":"El boton se habilita al escribir y desactiva al generar","duration":10,"failureMessages":[]},{"ancestorTitles":["","DmnNlpPanel.vue (CA-16 al CA-20)"],"fullName":" DmnNlpPanel.vue (CA-16 al CA-20) Renderiza la confianza DMN visualmente","status":"passed","title":"Renderiza la confianza DMN visualmente","duration":32,"failureMessages":[]},{"ancestorTitles":["","DmnNlpPanel.vue (CA-16 al CA-20)"],"fullName":" DmnNlpPanel.vue (CA-16 al CA-20) CA-21: Error 422 XML mal formado muestra bloque rojo y sin canvas XML","status":"passed","title":"CA-21: Error 422 XML mal formado muestra bloque rojo y sin canvas XML","duration":15,"failureMessages":[]},{"ancestorTitles":["","DmnNlpPanel.vue (CA-16 al CA-20)"],"fullName":" DmnNlpPanel.vue (CA-16 al CA-20) CA-22: Error 403 HIT_POLICY_FORBIDDEN dispara evento al store","status":"passed","title":"CA-22: Error 403 HIT_POLICY_FORBIDDEN dispara evento al store","duration":49,"failureMessages":[]},{"ancestorTitles":["","DmnNlpPanel.vue (CA-16 al CA-20)"],"fullName":" DmnNlpPanel.vue (CA-16 al CA-20) CA-23: Error 429 rate limit activa isRateLimited en el store","status":"passed","title":"CA-23: Error 429 rate limit activa isRateLimited en el store","duration":3,"failureMessages":[]},{"ancestorTitles":["","DmnNlpPanel.vue (CA-16 al CA-20)"],"fullName":" DmnNlpPanel.vue (CA-16 al CA-20) CA-24: Error 504 timeout activa requiresFallback en el store","status":"passed","title":"CA-24: Error 504 timeout activa requiresFallback en el store","duration":4,"failureMessages":[]}],"startTime":1777837081018,"endTime":1777837081179,"status":"passed","message":"","name":"C:/Users/HaroltAndrésGómezAgu/ProyectoAntigravity/ibpms-platform/frontend/src/tests/components/dmn/DmnNlpPanel.spec.ts"},{"assertionResults":[{"ancestorTitles":["","DmnPublishModal & Panic / Rollback (GAP-10)"],"fullName":" DmnPublishModal & Panic / Rollback (GAP-10) requires CONFIRMO_V2 to enable deploy button","status":"passed","title":"requires CONFIRMO_V2 to enable deploy button","duration":120,"failureMessages":[]},{"ancestorTitles":["","DmnPublishModal & Panic / Rollback (GAP-10)"],"fullName":" DmnPublishModal & Panic / Rollback (GAP-10) rollback button invokes POST /api/v1/dmn/{id}/rollback","status":"passed","title":"rollback button invokes POST /api/v1/dmn/{id}/rollback","duration":42,"failureMessages":[]}],"startTime":1777837096504,"endTime":1777837096666,"status":"passed","message":"","name":"C:/Users/HaroltAndrésGómezAgu/ProyectoAntigravity/ibpms-platform/frontend/src/tests/components/dmn/DmnPublishModal.spec.ts"},{"assertionResults":[{"ancestorTitles":["","NetworkRetryModal.vue (CA-31, CA-32)"],"fullName":" NetworkRetryModal.vue (CA-31, CA-32) Renderiza cuando requiresRetry es true e incluye la clave de idempotencia","status":"failed","title":"Renderiza cuando requiresRetry es true e incluye la clave de idempotencia","duration":60,"failureMessages":["expected false to be true // Object.is equality"],"location":{"line":25,"column":63}},{"ancestorTitles":["","NetworkRetryModal.vue (CA-31, CA-32)"],"fullName":" NetworkRetryModal.vue (CA-31, CA-32) Oculta el modal y reset state cuando se hace click en Cancelar","status":"failed","title":"Oculta el modal y reset state cuando se hace click en Cancelar","duration":20,"failureMessages":["Cannot read properties of undefined (reading 'trigger')"],"location":{"line":34,"column":42}},{"ancestorTitles":["","NetworkRetryModal.vue (CA-31, CA-32)"],"fullName":" NetworkRetryModal.vue (CA-31, CA-32) Despacha evento network-retry-dispatch cuando se hace click en Reintentar","status":"failed","title":"Despacha evento network-retry-dispatch cuando se hace click en Reintentar","duration":6,"failureMessages":["Cannot read properties of undefined (reading 'trigger')"],"location":{"line":42,"column":42}},{"ancestorTitles":["","NetworkRetryModal.vue (CA-31, CA-32)"],"fullName":" NetworkRetryModal.vue (CA-31, CA-32) El modal NO renderiza si requiresRetry es false","status":"passed","title":"El modal NO renderiza si requiresRetry es false","duration":4,"failureMessages":[]}],"startTime":1777837091339,"endTime":1777837091429,"status":"failed","message":"","name":"C:/Users/HaroltAndrésGómezAgu/ProyectoAntigravity/ibpms-platform/frontend/src/tests/components/shared/NetworkRetryModal.spec.ts"},{"assertionResults":[{"ancestorTitles":["","SessionConflictBanner.vue (CA-35)"],"fullName":" SessionConflictBanner.vue (CA-35) No es visible inicialmente","status":"passed","title":"No es visible inicialmente","duration":29,"failureMessages":[]},{"ancestorTitles":["","SessionConflictBanner.vue (CA-35)"],"fullName":" SessionConflictBanner.vue (CA-35) Se hace visible cuando se despacha session-conflict-dispatch","status":"passed","title":"Se hace visible cuando se despacha session-conflict-dispatch","duration":22,"failureMessages":[]},{"ancestorTitles":["","SessionConflictBanner.vue (CA-35)"],"fullName":" SessionConflictBanner.vue (CA-35) Oculta el banner al hacer click en la X","status":"passed","title":"Oculta el banner al hacer click en la X","duration":11,"failureMessages":[]}],"startTime":1777837099041,"endTime":1777837099103,"status":"passed","message":"","name":"C:/Users/HaroltAndrésGómezAgu/ProyectoAntigravity/ibpms-platform/frontend/src/tests/components/shared/SessionConflictBanner.spec.ts"},{"assertionResults":[{"ancestorTitles":["","TaskFormSubmit.vue (CA-21 a CA-30)"],"fullName":" TaskFormSubmit.vue (CA-21 a CA-30) Valida formulario vacío e inyecta errores visuales (CA-21)","status":"passed","title":"Valida formulario vacío e inyecta errores visuales (CA-21)","duration":87,"failureMessages":[]},{"ancestorTitles":["","TaskFormSubmit.vue (CA-21 a CA-30)"],"fullName":" TaskFormSubmit.vue (CA-21 a CA-30) Muestra botón de Soft-Undo si submit pasa Zod con delay de 5s (CA-29)","status":"passed","title":"Muestra botón de Soft-Undo si submit pasa Zod con delay de 5s (CA-29)","duration":25,"failureMessages":[]}],"startTime":1777837088905,"endTime":1777837089017,"status":"passed","message":"","name":"C:/Users/HaroltAndrésGómezAgu/ProyectoAntigravity/ibpms-platform/frontend/src/tests/components/forms/TaskFormSubmit.spec.ts"},{"assertionResults":[{"ancestorTitles":["","ClaimAuditTrail.vue (CA-9)"],"fullName":" ClaimAuditTrail.vue (CA-9) Renderiza lista vacia o loader mientras busca datos","status":"passed","title":"Renderiza lista vacia o loader mientras busca datos","duration":57,"failureMessages":[]},{"ancestorTitles":["","ClaimAuditTrail.vue (CA-9)"],"fullName":" ClaimAuditTrail.vue (CA-9) Mapea eventos de auditoría (CLAIM / UNCLAIM / FORCE_UNCLAIM) a la línea de tiempo temporal","status":"passed","title":"Mapea eventos de auditoría (CLAIM / UNCLAIM / FORCE_UNCLAIM) a la línea de tiempo temporal","duration":26,"failureMessages":[]}],"startTime":1777837096291,"endTime":1777837096374,"status":"passed","message":"","name":"C:/Users/HaroltAndrésGómezAgu/ProyectoAntigravity/ibpms-platform/frontend/src/tests/components/workdesk/ClaimAuditTrail.spec.ts"},{"assertionResults":[{"ancestorTitles":["","TaskPreviewModal.vue (CA-5)"],"fullName":" TaskPreviewModal.vue (CA-5) No renderiza si no se pasa taskId","status":"passed","title":"No renderiza si no se pasa taskId","duration":52,"failureMessages":[]},{"ancestorTitles":["","TaskPreviewModal.vue (CA-5)"],"fullName":" TaskPreviewModal.vue (CA-5) Llama a fetchTaskPreview al montarse o al recibir taskId","status":"passed","title":"Llama a fetchTaskPreview al montarse o al recibir taskId","duration":23,"failureMessages":[]},{"ancestorTitles":["","TaskPreviewModal.vue (CA-5)"],"fullName":" TaskPreviewModal.vue (CA-5) Muestra los datos Read-Only y el botón Reclamar, y emite al reclamar","status":"passed","title":"Muestra los datos Read-Only y el botón Reclamar, y emite al reclamar","duration":76,"failureMessages":[]}],"startTime":1777837091072,"endTime":1777837091223,"status":"passed","message":"","name":"C:/Users/HaroltAndrésGómezAgu/ProyectoAntigravity/ibpms-platform/frontend/src/tests/components/workdesk/TaskPreviewModal.spec.ts"},{"assertionResults":[{"ancestorTitles":["","WorkdeskGrid.vue (CA-11 a CA-15 Reclamar y Liberar)"],"fullName":" WorkdeskGrid.vue (CA-11 a CA-15 Reclamar y Liberar) Muestra botón \"Ver Detalle\" si la tarea está AVAILABLE, abre modal previsualización","status":"passed","title":"Muestra botón \"Ver Detalle\" si la tarea está AVAILABLE, abre modal previsualización","duration":91,"failureMessages":[]},{"ancestorTitles":["","WorkdeskGrid.vue (CA-11 a CA-15 Reclamar y Liberar)"],"fullName":" WorkdeskGrid.vue (CA-11 a CA-15 Reclamar y Liberar) Muestra botón \"Liberar\" si la tarea está ACTIVE y asignada al usuario actual, abre modal y emite unclaimTask","status":"passed","title":"Muestra botón \"Liberar\" si la tarea está ACTIVE y asignada al usuario actual, abre modal y emite unclaimTask","duration":22,"failureMessages":[]},{"ancestorTitles":["","WorkdeskGrid.vue (CA-11 a CA-15 Reclamar y Liberar)"],"fullName":" WorkdeskGrid.vue (CA-11 a CA-15 Reclamar y Liberar) CA-28: Botón Atender Siguiente llama al store","status":"passed","title":"CA-28: Botón Atender Siguiente llama al store","duration":2,"failureMessages":[]}],"startTime":1777837083518,"endTime":1777837083633,"status":"passed","message":"","name":"C:/Users/HaroltAndrésGómezAgu/ProyectoAntigravity/ibpms-platform/frontend/src/tests/components/workdesk/WorkdeskGrid.spec.ts"},{"assertionResults":[{"ancestorTitles":["","WorkdeskTabs.vue (CA-22)"],"fullName":" WorkdeskTabs.vue (CA-22) Renderiza las pestañas y muestra PERSONAL como activo por defecto","status":"passed","title":"Renderiza las pestañas y muestra PERSONAL como activo por defecto","duration":51,"failureMessages":[]},{"ancestorTitles":["","WorkdeskTabs.vue (CA-22)"],"fullName":" WorkdeskTabs.vue (CA-22) Cambia la vista a POOL al hacer click y dispara setActiveView","status":"passed","title":"Cambia la vista a POOL al hacer click y dispara setActiveView","duration":17,"failureMessages":[]}],"startTime":1777837099296,"endTime":1777837099364,"status":"passed","message":"","name":"C:/Users/HaroltAndrésGómezAgu/ProyectoAntigravity/ibpms-platform/frontend/src/tests/components/workdesk/WorkdeskTabs.spec.ts"},{"assertionResults":[{"ancestorTitles":["","KanbanView.vue"],"fullName":" KanbanView.vue renders the board and calls the real API store on mount","status":"failed","title":"renders the board and calls the real API store on mount","duration":49,"failureMessages":["expected \"spy\" to be called at least once"],"location":{"line":31,"column":34}},{"ancestorTitles":["","KanbanView.vue"],"fullName":" KanbanView.vue displays a block reason modal when a task is moved to BLOCKED","status":"failed","title":"displays a block reason modal when a task is moved to BLOCKED","duration":55,"failureMessages":["blockReasonInput is not defined"],"location":{"line":96,"column":6}},{"ancestorTitles":["","KanbanView.vue"],"fullName":" KanbanView.vue calls store.moveTask with blockReason when modal is confirmed","status":"failed","title":"calls store.moveTask with blockReason when modal is confirmed","duration":23,"failureMessages":["expected \"spy\" to be called with ar
[...]
y/ibpms-platform/frontend/src/tests/components/admin/RbacManager/ApiKeySemaphore.spec.ts"},{"assertionResults":[{"ancestorTitles":["","Draft Validation UX Tests"],"fullName":" Draft Validation UX Tests QA-039-12 (QA-TEST-04): El indicador de sync se muestra si hay draft local (Borrador en Navegador)","status":"passed","title":"QA-039-12 (QA-TEST-04): El indicador de sync se muestra si hay draft local (Borrador en Navegador)","duration":39,"failureMessages":[]},{"ancestorTitles":["","Draft Validation UX Tests"],"fullName":" Draft Validation UX Tests QA-039-13 (QA-TEST-04): El Banner o Indicator vuelve a SYNCED tras restaurar (guardar auto)","status":"passed","title":"QA-039-13 (QA-TEST-04): El Banner o Indicator vuelve a SYNCED tras restaurar (guardar auto)","duration":5,"failureMessages":[]},{"ancestorTitles":["","Draft Validation UX Tests"],"fullName":" Draft Validation UX Tests QA-039-15 (QA-TEST-04): Estado de ERROR","status":"passed","title":"QA-039-15 (QA-TEST-04): Estado de ERROR","duration":5,"failureMessages":[]}],"startTime":1777837097676,"endTime":1777837097725,"status":"passed","message":"","name":"C:/Users/HaroltAndrésGómezAgu/ProyectoAntigravity/ibpms-platform/frontend/src/tests/components/forms/generic/DraftRestorationBanner.spec.ts"},{"assertionResults":[{"ancestorTitles":["","EvidenceDropzone.vue UX Tests"],"fullName":" EvidenceDropzone.vue UX Tests QA-039-16 (QA-TEST-05): Validación de tamaño de archivo (debe de rechazar > 10MB)","status":"failed","title":"QA-039-16 (QA-TEST-05): Validación de tamaño de archivo (debe de rechazar > 10MB)","duration":109,"failureMessages":["expected \"bound \" to be called with arguments: [ StringContaining{…} ]\u001b[90m\n\nReceived: \n\n\u001b[39m\u001b[90m\n\nNumber of calls: \u001b[1m0\u001b[22m\n\u001b[39m"],"location":{"line":29,"column":30}}],"startTime":1777837101749,"endTime":1777837101858,"status":"failed","message":"","name":"C:/Users/HaroltAndrésGómezAgu/ProyectoAntigravity/ibpms-platform/frontend/src/tests/components/forms/generic/EvidenceDropzone.spec.ts"},{"assertionResults":[{"ancestorTitles":["","SacConfigManager.vue (Pantalla 15)"],"fullName":" SacConfigManager.vue (Pantalla 15) debe mantener el boton de Guardar deshabilitado hasta que Test Connection sea Exitoso","status":"passed","title":"debe mantener el boton de Guardar deshabilitado hasta que Test Connection sea Exitoso","duration":161,"failureMessages":[]}],"startTime":1777837088227,"endTime":1777837088388,"status":"passed","message":"","name":"C:/Users/HaroltAndrésGómezAgu/ProyectoAntigravity/ibpms-platform/frontend/src/tests/views/admin/AI/SacConfigManager.spec.ts"},{"assertionResults":[{"ancestorTitles":["","GenericFormView — Draft Restoration Banner (REM-039-C)"],"fullName":" GenericFormView — Draft Restoration Banner (REM-039-C) QA-039-C-01: El banner de restauración es visible cuando showDraftBanner=true","status":"passed","title":"QA-039-C-01: El banner de restauración es visible cuando showDraftBanner=true","duration":8,"failureMessages":[]},{"ancestorTitles":["","GenericFormView — Draft Restoration Banner (REM-039-C)"],"fullName":" GenericFormView — Draft Restoration Banner (REM-039-C) QA-039-C-02: restoreDraft() aplica los datos y oculta el banner","status":"passed","title":"QA-039-C-02: restoreDraft() aplica los datos y oculta el banner","duration":2,"failureMessages":[]},{"ancestorTitles":["","GenericFormView — Draft Restoration Banner (REM-039-C)"],"fullName":" GenericFormView — Draft Restoration Banner (REM-039-C) QA-039-C-03: dismissDraft() descarta el draft y oculta el banner sin aplicar datos","status":"passed","title":"QA-039-C-03: dismissDraft() descarta el draft y oculta el banner sin aplicar datos","duration":3,"failureMessages":[]}],"startTime":1777837092059,"endTime":1777837092073,"status":"passed","message":"","name":"C:/Users/HaroltAndrésGómezAgu/ProyectoAntigravity/ibpms-platform/frontend/src/tests/views/admin/GenericForm/GenericFormView.spec.ts"},{"assertionResults":[{"ancestorTitles":["","Dead Letter Queue Dashboard (DLQ) CA-8"],"fullName":" Dead Letter Queue Dashboard (DLQ) CA-8 TEST-F01: Debe renderizar la vista y NO contener datos MOCK hardcodeados en el script","status":"passed","title":"TEST-F01: Debe renderizar la vista y NO contener datos MOCK hardcodeados en el script","duration":57,"failureMessages":[]},{"ancestorTitles":["","Dead Letter Queue Dashboard (DLQ) CA-8"],"fullName":" Dead Letter Queue Dashboard (DLQ) CA-8 TEST-F02: Debe verificar la AUSENCIA de alert() nativo","status":"passed","title":"TEST-F02: Debe verificar la AUSENCIA de alert() nativo","duration":1,"failureMessages":[]},{"ancestorTitles":["","Dead Letter Queue Dashboard (DLQ) CA-8"],"fullName":" Dead Letter Queue Dashboard (DLQ) CA-8 TEST-F03: Debe existir el modal de confirmación para Purga con text area justificación","status":"passed","title":"TEST-F03: Debe existir el modal de confirmación para Purga con text area justificación","duration":41,"failureMessages":[]},{"ancestorTitles":["","Dead Letter Queue Dashboard (DLQ) CA-8"],"fullName":" Dead Letter Queue Dashboard (DLQ) CA-8 TEST-F04: Debe existir el modal de confirmación para Reintento con advertencia de Idempotencia","status":"passed","title":"TEST-F04: Debe existir el modal de confirmación para Reintento con advertencia de Idempotencia","duration":31,"failureMessages":[]},{"ancestorTitles":["","Dead Letter Queue Dashboard (DLQ) CA-8"],"fullName":" Dead Letter Queue Dashboard (DLQ) CA-8 TEST-F05: Debe verificar que la ruta está protegida con requiredRole ADMIN_IT","status":"passed","title":"TEST-F05: Debe verificar que la ruta está protegida con requiredRole ADMIN_IT","duration":1,"failureMessages":[]}],"startTime":1777837081065,"endTime":1777837081196,"status":"passed","message":"","name":"C:/Users/HaroltAndrésGómezAgu/ProyectoAntigravity/ibpms-platform/frontend/src/tests/views/admin/Integration/DlqDashboard.spec.ts"},{"assertionResults":[{"ancestorTitles":["","BpmnDesigner.vue"],"fullName":" BpmnDesigner.vue renders the BpmnDesigner correctly with its canvas area","status":"passed","title":"renders the BpmnDesigner correctly with its canvas area","duration":179,"failureMessages":[]},{"ancestorTitles":["","BpmnDesigner.vue"],"fullName":" BpmnDesigner.vue simulates clicking \"Desplegar\" and opens deployment modal","status":"skipped","title":"simulates clicking \"Desplegar\" and opens deployment modal","failureMessages":[]},{"ancestorTitles":["","BpmnDesigner.vue"],"fullName":" BpmnDesigner.vue shows AI Copilot panel when Copilot button is clicked","status":"passed","title":"shows AI Copilot panel when Copilot button is clicked","duration":88,"failureMessages":[]},{"ancestorTitles":["","BpmnDesigner.vue"],"fullName":" BpmnDesigner.vue renders the DMN dropdown and options when a BusinessRuleTask is selected","status":"passed","title":"renders the DMN dropdown and options when a BusinessRuleTask is selected","duration":70,"failureMessages":[]},{"ancestorTitles":["","BpmnDesigner.vue"],"fullName":" BpmnDesigner.vue syncs properties when a DMN is selected","status":"passed","title":"syncs properties when a DMN is selected","duration":42,"failureMessages":[]},{"ancestorTitles":["","BpmnDesigner.vue"],"fullName":" BpmnDesigner.vue rehydrates decisionRef correctly on selection.changed","status":"passed","title":"rehydrates decisionRef correctly on selection.changed","duration":46,"failureMessages":[]}],"startTime":1777837079840,"endTime":1777837080341,"status":"passed","message":"","name":"C:/Users/HaroltAndrésGómezAgu/ProyectoAntigravity/ibpms-platform/frontend/src/tests/views/admin/Modeler/BpmnDesigner.spec.ts"},{"assertionResults":[{"ancestorTitles":["","ZodSandboxPersistence"],"fullName":" ZodSandboxPersistence CA-10-01: El payload se persiste en localStorage","status":"passed","title":"CA-10-01: El payload se persiste en localStorage","duration":3,"failureMessages":[]},{"ancestorTitles":["","ZodSandboxPersistence"],"fullName":" ZodSandboxPersistence CA-10-02: El payload NO se destruye al abrir el modal","status":"passed","title":"CA-10-02: El payload NO se destruye al abrir el modal","duration":0,"failureMessages":[]},{"ancestorTitles":["","ZodSandboxPersistence"],"fullName":" ZodSandboxPersistence CA-10-03: El botón Limpiar restablece el payload","status":"passed","title":"CA-10-03: El botón Limpiar restablece el payload","duration":1,"failureMessages":[]}],"startTime":1777837101298,"endTime":1777837101302,"status":"passed","message":"","name":"C:/Users/HaroltAndrésGómezAgu/ProyectoAntigravity/ibpms-platform/frontend/src/tests/views/admin/Modeler/ZodSandboxPersistence.spec.ts"},{"assertionResults":[{"ancestorTitles":["","Epic 10.B Gantt Wrapper (QA)"],"fullName":" Epic 10.B Gantt Wrapper (QA) Fijar Línea Base nace estrictamente bloqueado si existen tareas sin asignar","status":"skipped","title":"Fijar Línea Base nace estrictamente bloqueado si existen tareas sin asignar","failureMessages":[]},{"ancestorTitles":["","Epic 10.B Gantt Wrapper (QA)"],"fullName":" Epic 10.B Gantt Wrapper (QA) Habilita la Línea Base si el sistema confirma que se han instanciado recursos en TODAS las tareas","status":"skipped","title":"Habilita la Línea Base si el sistema confirma que se han instanciado recursos en TODAS las tareas","failureMessages":[]}],"startTime":1777837071152,"endTime":1777837071152,"status":"passed","message":"","name":"C:/Users/HaroltAndrésGómezAgu/ProyectoAntigravity/ibpms-platform/frontend/src/tests/views/admin/ProjectBuilder/AgileHub.spec.ts"},{"assertionResults":[{"ancestorTitles":["","TemplateBuilder.vue (Orphan Task Protection)"],"fullName":" TemplateBuilder.vue (Orphan Task Protection) Disables PUBLISH button if any task is missing a form_key","status":"passed","title":"Disables PUBLISH button if any task is missing a form_key","duration":124,"failureMessages":[]},{"ancestorTitles":["","TemplateBuilder.vue (Orphan Task Protection)"],"fullName":" TemplateBuilder.vue (Orphan Task Protection) Enables PUBLISH button when all tasks have valid form_keys","status":"passed","title":"Enables PUBLISH button when all tasks have valid form_keys","duration":81,"failureMessages":[]}],"startTime":1777837080617,"endTime":1777837080822,"status":"passed","message":"","name":"C:/Users/HaroltAndrésGómezAgu/ProyectoAntigravity/ibpms-platform/frontend/src/tests/views/admin/ProjectBuilder/TemplateBuilder.spec.ts"},{"assertionResults":[{"ancestorTitles":["","US-005 CA-12: DMN Binding UI Validation","Default Binding Value"],"fullName":" US-005 CA-12: DMN Binding UI Validation Default Binding Value debe tener DEPLOYMENT como valor por defecto del dmnBinding","status":"passed","title":"debe tener DEPLOYMENT como valor por defecto del dmnBinding","duration":3,"failureMessages":[]},{"ancestorTitles":["","US-005 CA-12: DMN Binding UI Validation","Default Binding Value"],"fullName":" US-005 CA-12: DMN Binding UI Validation Default Binding Value debe aceptar \"latest\" como valor alternativo válido","status":"passed","title":"debe aceptar \"latest\" como valor alternativo válido","duration":2,"failureMessages":[]},{"ancestorTitles":["","US-005 CA-12: DMN Binding UI Validation","Default Binding Value"],"fullName":" US-005 CA-12: DMN Binding UI Validation Default Binding Value NO debe aceptar valores no reconocidos","status":"passed","title":"NO debe aceptar valores no reconocidos","duration":0,"failureMessages":[]},{"ancestorTitles":["","US-005 CA-12: DMN Binding UI Validation","Camunda Property Mapping"],"fullName":" US-005 CA-12: DMN Binding UI Validation Camunda Property Mapping debe mapear al atributo correcto: camunda:decisionRefBinding","status":"passed","title":"debe mapear al atributo correcto: camunda:decisionRefBinding","duration":1,"failureMessages":[]},{"ancestorTitles":["","US-005 CA-12: DMN Binding UI Validation","Camunda Property Mapping"],"fullName":" US-005 CA-12: DMN Binding UI Validation Camunda Property Mapping debe sincronizar el valor del selector al XML BPMN","status":"passed","title":"debe sincronizar el valor del selector al XML BPMN","duration":0,"failureMessages":[]}],"startTime":1777837098397,"endTime":1777837098404,"status":"passed","message":"","name":"C:/Users/HaroltAndrésGómezAgu/ProyectoAntigravity/ibpms-platform/frontend/src/views/admin/Modeler/__tests__/BpmnDmnBinding.spec.ts"},{"assertionResults":[{"ancestorTitles":["","US-028: Form Designer QA Certification (CA-12 to CA-17)"],"fullName":" US-028: Form Designer QA Certification (CA-12 to CA-17) CA-12: Badge muestra \"revoked\" cuando certification state cambia","status":"passed","title":"CA-12: Badge muestra \"revoked\" cuando certification state cambia","duration":248,"failureMessages":[]},{"ancestorTitles":["","US-028: Form Designer QA Certification (CA-12 to CA-17)"],"fullName":" US-028: Form Designer QA Certification (CA-12 to CA-17) CA-13: Indicador de versión muestra V{N} + estado","status":"passed","title":"CA-13: Indicador de versión muestra V{N} + estado","duration":316,"failureMessages":[]},{"ancestorTitles":["","US-028: Form Designer QA Certification (CA-12 to CA-17)"],"fullName":" US-028: Form Designer QA Certification (CA-12 to CA-17) CA-14: Errores de superRefine se pintan en naranja","status":"passed","title":"CA-14: Errores de superRefine se pintan en naranja","duration":67,"failureMessages":[]},{"ancestorTitles":["","US-028: Form Designer QA Certification (CA-12 to CA-17)"],"fullName":" US-028: Form Designer QA Certification (CA-12 to CA-17) CA-17: Panel de coherencia muestra matches y warnings","status":"passed","title":"CA-17: Panel de coherencia muestra matches y warnings","duration":88,"failureMessages":[]}],"startTime":1777837078951,"endTime":1777837079670,"status":"passed","message":"","name":"C:/Users/HaroltAndrésGómezAgu/ProyectoAntigravity/ibpms-platform/frontend/src/views/admin/Modeler/__tests__/FormDesignerQACert.spec.ts"},{"assertionResults":[{"ancestorTitles":["","GlobalRolesTable.vue — US-036 CA-2 & CA-3"],"fullName":" GlobalRolesTable.vue — US-036 CA-2 & CA-3 CA-2 RBAC-FE-01: NO renderiza btn-delete-role para ROLE_SUPER_ADMIN","status":"passed","title":"CA-2 RBAC-FE-01: NO renderiza btn-delete-role para ROLE_SUPER_ADMIN","duration":88,"failureMessages":[]},{"ancestorTitles":["","GlobalRolesTable.vue — US-036 CA-2 & CA-3"],"fullName":" GlobalRolesTable.vue — US-036 CA-2 & CA-3 CA-2 RBAC-FE-02: NO renderiza btn-edit-role para ROLE_SUPER_ADMIN","status":"passed","title":"CA-2 RBAC-FE-02: NO renderiza btn-edit-role para ROLE_SUPER_ADMIN","duration":11,"failureMessages":[]},{"ancestorTitles":["","GlobalRolesTable.vue — US-036 CA-2 & CA-3"],"fullName":" GlobalRolesTable.vue — US-036 CA-2 & CA-3 CA-2 RBAC-FE-03: muestra indicador \"protegido\" en la fila Root","status":"passed","title":"CA-2 RBAC-FE-03: muestra indicador \"protegido\" en la fila Root","duration":50,"failureMessages":[]},{"ancestorTitles":["","GlobalRolesTable.vue — US-036 CA-2 & CA-3"],"fullName":" GlobalRolesTable.vue — US-036 CA-2 & CA-3 CA-2 RBAC-FE-04: SÍ renderiza btn-delete-role para roles no-Root","status":"passed","title":"CA-2 RBAC-FE-04: SÍ renderiza btn-delete-role para roles no-Root","duration":8,"failureMessages":[]},{"ancestorTitles":["","GlobalRolesTable.vue — US-036 CA-2 & CA-3"],"fullName":" GlobalRolesTable.vue — US-036 CA-2 & CA-3 CA-2 RBAC-FE-05: badge 🔒 ROOT es visible solo en la fila ROLE_SUPER_ADMIN","status":"passed","title":"CA-2 RBAC-FE-05: badge 🔒 ROOT es visible solo en la fila ROLE_SUPER_ADMIN","duration":5,"failureMessages":[]},{"ancestorTitles":["","GlobalRolesTable.vue — US-036 CA-2 & CA-3"],"fullName":" GlobalRolesTable.vue — US-036 CA-2 & CA-3 CA-3 RBAC-FE-06: btn-mass-assign se renderiza SOLO para roles isTemplate=true","status":"passed","title":"CA-3 RBAC-FE-06: btn-mass-assign se renderiza SOLO para roles isTemplate=true","duration":6,"failureMessages":[]},{"ancestorTitles":["","GlobalRolesTable.vue — US-036 CA-2 & CA-3"],"fullName":" GlobalRolesTable.vue — US-036 CA-2 & CA-3 CA-3 RBAC-FE-07: btn-mass-assign NO aparece en roles isTemplate=false","status":"passed","title":"CA-3 RBAC-FE-07: btn-mass-assign NO aparece en roles isTemplate=false","duration":5,"failureMessages":[]},{"ancestorTitles":["","GlobalRolesTable.vue — US-036 CA-2 & CA-3"],"fullName":" GlobalRolesTable.vue — US-036 CA-2 & CA-3 CA-3 RBAC-FE-08: hacer click en btn-mass-assign abre el modal de confirmación","status":"passed","title":"CA-3 RBAC-FE-08: hacer click en btn-mass-assign abre el modal de confirmación","duration":39,"failureMessages":[]}],"startTime":1777837077179,"endTime":1777837077391,"status":"passed","message":"","name":"C:/Users/HaroltAndrésGómezAgu/ProyectoAntigravity/ibpms-platform/frontend/src/views/admin/RbacManager/__tests__/GlobalRolesTable.spec.ts"},{"assertionResults":[{"ancestorTitles":["","RbacDelegationLog.vue — US-036 CA-9 Validación de Fechas"],"fullName":" RbacDelegationLog.vue — US-036 CA-9 Validación de Fechas CA-9 RBAC-FE-09: sin receptor seleccionado muestra error y bloquea submit","status":"skipped","title":"CA-9 RBAC-FE-09: sin receptor seleccionado muestra error y bloquea submit","failureMessages":[]},{"ancestorTitles":["","RbacDelegationLog.vue — US-036 CA-9 Validación de Fechas"],"fullName":" RbacDelegationLog.vue — US-036 CA-9 Validación de Fechas CA-9 RBAC-FE-10: startDate retroactiva (>1 min en el pasado) muestra error y bloquea submit","status":"skipped","title":"CA-9 RBAC-FE-10: startDate retroactiva (>1 min en el pasado) muestra error y bloquea submit","failureMessages":[]},{"ancestorTitles":["","RbacDelegationLog.vue — US-036 CA-9 Validación de Fechas"],"fullName":" RbacDelegationLog.vue — US-036 CA-9 Validación de Fechas CA-9 RBAC-FE-11: endDate antes de startDate muestra error y bloquea submit","status":"skipped","title":"CA-9 RBAC-FE-11: endDate antes de startDate muestra error y bloquea submit","failureMessages":[]},{"ancestorTitles":["","RbacDelegationLog.vue — US-036 CA-9 Validación de Fechas"],"fullName":" RbacDelegationLog.vue — US-036 CA-9 Validación de Fechas CA-9 RBAC-FE-12: endDate igual a startDate también bloquea submit","status":"skipped","title":"CA-9 RBAC-FE-12: endDate igual a startDate también bloquea submit","failureMessages":[]},{"ancestorTitles":["","RbacDelegationLog.vue — US-036 CA-9 Validación de Fechas"],"fullName":" RbacDelegationLog.vue — US-036 CA-9 Validación de Fechas CA-9 RBAC-FE-13: datos válidos llaman al API y muestran toast de éxito","status":"skipped","title":"CA-9 RBAC-FE-13: datos válidos llaman al API y muestran toast de éxito","failureMessages":[]},{"ancestorTitles":["","RbacDelegationLog.vue — US-036 CA-9 Validación de Fechas"],"fullName":" RbacDelegationLog.vue — US-036 CA-9 Validación de Fechas CA-9 RBAC-FE-14: submit sin fechas muestra errores de campo obligatorio","status":"skipped","title":"CA-9 RBAC-FE-14: submit sin fechas muestra errores de campo obligatorio","failureMessages":[]}],"startTime":1777837071152,"endTime":1777837071152,"status":"passed","message":"","name":"C:/Users/HaroltAndrésGómezAgu/ProyectoAntigravity/ibpms-platform/frontend/src/views/admin/RbacManager/__tests__/RbacDelegationLog.spec.ts"},{"assertionResults":[{"ancestorTitles":["","RbacManagerView.vue"],"fullName":" RbacManagerView.vue renders standard header elements","status":"passed","title":"renders standard header elements","duration":62,"failureMessages":[]},{"ancestorTitles":["","RbacManagerView.vue"],"fullName":" RbacManagerView.vue calls fetchRoles on mount","status":"passed","title":"calls fetchRoles on mount","duration":6,"failureMessages":[]},{"ancestorTitles":["","RbacManagerView.vue"],"fullName":" RbacManagerView.vue contains RbacTabs and SecurityAuditLog components","status":"passed","title":"contains RbacTabs and SecurityAuditLog components","duration":9,"failureMessages":[]}],"startTime":1777837099458,"endTime":1777837099535,"status":"passed","message":"","name":"C:/Users/HaroltAndrésGómezAgu/ProyectoAntigravity/ibpms-platform/frontend/src/views/admin/RbacManager/__tests__/RbacManagerView.spec.ts"}]}